[2026-03-24 19:19:31] [BNF] Initializing dummy database for BNF server...
[2026-03-24 19:19:31] [BNF] Added dummy vehicle: BNF1001 (Sedan) @ $85.0
[2026-03-24 19:19:31] [BNF] Added dummy vehicle: BNF2001 (SUV) @ $135.0
[2026-03-24 19:19:31] [BNF] Added dummy vehicle: BNF2002 (SUV) @ $145.0
[2026-03-24 19:19:31] [BNF] Added dummy vehicle: BNF2003 (SUV) @ $160.0
[2026-03-24 19:19:31] [BNF] Added dummy vehicle: BNF3001 (Truck) @ $155.0
[2026-03-24 19:19:31] [BNF] Added dummy vehicle: BNF3002 (Truck) @ $165.0
[2026-03-24 19:19:31] [BNF] Added dummy vehicle: BNF3003 (Truck) @ $180.0
[2026-03-24 19:19:31] [BNF] BNF initialized with 7 unique vehicles
[2026-03-24 19:19:31] [BNF] Dummy database initialization complete. Total vehicles: 7
[2026-03-24 19:19:31] [BNF] Server started. UDP Port: 5003
[2026-03-24 19:20:02] [BNF] Initializing dummy database for BNF server...
[2026-03-24 19:20:02] [BNF] Added dummy vehicle: BNF1001 (Sedan) @ $85.0
[2026-03-24 19:20:02] [BNF] Added dummy vehicle: BNF2001 (SUV) @ $135.0
[2026-03-24 19:20:02] [BNF] Added dummy vehicle: BNF2002 (SUV) @ $145.0
[2026-03-24 19:20:02] [BNF] Added dummy vehicle: BNF2003 (SUV) @ $160.0
[2026-03-24 19:20:02] [BNF] Added dummy vehicle: BNF3001 (Truck) @ $155.0
[2026-03-24 19:20:02] [BNF] Added dummy vehicle: BNF3002 (Truck) @ $165.0
[2026-03-24 19:20:02] [BNF] Added dummy vehicle: BNF3003 (Truck) @ $180.0
[2026-03-24 19:20:02] [BNF] BNF initialized with 7 unique vehicles
[2026-03-24 19:20:02] [BNF] Dummy database initialization complete. Total vehicles: 7
[2026-03-24 19:20:02] [BNF] Server started. UDP Port: 5003
[2026-03-24 19:29:35] [BNF] Initializing dummy database for BNF server...
[2026-03-24 19:29:35] [BNF] Added dummy vehicle: BNF1001 (Sedan) @ $85.0
[2026-03-24 19:29:35] [BNF] Added dummy vehicle: BNF2001 (SUV) @ $135.0
[2026-03-24 19:29:35] [BNF] Added dummy vehicle: BNF2002 (SUV) @ $145.0
[2026-03-24 19:29:35] [BNF] Added dummy vehicle: BNF2003 (SUV) @ $160.0
[2026-03-24 19:29:35] [BNF] Added dummy vehicle: BNF3001 (Truck) @ $155.0
[2026-03-24 19:29:35] [BNF] Added dummy vehicle: BNF3002 (Truck) @ $165.0
[2026-03-24 19:29:35] [BNF] Added dummy vehicle: BNF3003 (Truck) @ $180.0
[2026-03-24 19:29:35] [BNF] BNF initialized with 7 unique vehicles
[2026-03-24 19:29:35] [BNF] Dummy database initialization complete. Total vehicles: 7
[2026-03-24 19:29:35] [BNF] Server started. UDP Port: 5003
[2026-03-24 20:22:37] [BNF] Initializing dummy database for BNF server...
[2026-03-24 20:22:37] [BNF] Added dummy vehicle: BNF1001 (Sedan) @ $85.0
[2026-03-24 20:22:37] [BNF] Added dummy vehicle: BNF2001 (SUV) @ $135.0
[2026-03-24 20:22:37] [BNF] Added dummy vehicle: BNF2002 (SUV) @ $145.0
[2026-03-24 20:22:37] [BNF] Added dummy vehicle: BNF2003 (SUV) @ $160.0
[2026-03-24 20:22:37] [BNF] Added dummy vehicle: BNF3001 (Truck) @ $155.0
[2026-03-24 20:22:37] [BNF] Added dummy vehicle: BNF3002 (Truck) @ $165.0
[2026-03-24 20:22:37] [BNF] Added dummy vehicle: BNF3003 (Truck) @ $180.0
[2026-03-24 20:22:37] [BNF] Initializing dummy database for BNF server...
[2026-03-24 20:22:37] [BNF] Added dummy vehicle: BNF1001 (Sedan) @ $85.0
[2026-03-24 20:22:37] [BNF] Added dummy vehicle: BNF2001 (SUV) @ $135.0
[2026-03-24 20:22:37] [BNF] Added dummy vehicle: BNF2002 (SUV) @ $145.0
[2026-03-24 20:22:37] [BNF] Added dummy vehicle: BNF2003 (SUV) @ $160.0
[2026-03-24 20:22:37] [BNF] Added dummy vehicle: BNF3001 (Truck) @ $155.0
[2026-03-24 20:22:37] [BNF] Added dummy vehicle: BNF3002 (Truck) @ $165.0
[2026-03-24 20:22:37] [BNF] BNF initialized with 7 unique vehicles
[2026-03-24 20:22:37] [BNF] Dummy database initialization complete. Total vehicles: 7
[2026-03-24 20:22:37] [BNF] Added dummy vehicle: BNF3003 (Truck) @ $180.0
[2026-03-24 20:22:37] [BNF] BNF initialized with 7 unique vehicles
[2026-03-24 20:22:37] [BNF] Initializing dummy database for BNF server...
[2026-03-24 20:22:37] [BNF] Dummy database initialization complete. Total vehicles: 7
[2026-03-24 20:22:37] [BNF] Added dummy vehicle: BNF1001 (Sedan) @ $85.0
[2026-03-24 20:22:37] [BNF] Added dummy vehicle: BNF2001 (SUV) @ $135.0
[2026-03-24 20:22:37] [BNF] Added dummy vehicle: BNF2002 (SUV) @ $145.0
[2026-03-24 20:22:37] [BNF] Added dummy vehicle: BNF2003 (SUV) @ $160.0
[2026-03-24 20:22:38] [BNF] Added dummy vehicle: BNF3001 (Truck) @ $155.0
[2026-03-24 20:22:38] [BNF] Added dummy vehicle: BNF3002 (Truck) @ $165.0
[2026-03-24 20:22:38] [BNF] Added dummy vehicle: BNF3003 (Truck) @ $180.0
[2026-03-24 20:22:38] [BNF] BNF initialized with 7 unique vehicles
[2026-03-24 20:22:38] [BNF] Dummy database initialization complete. Total vehicles: 7
[2026-03-24 20:22:38] [BNF] Initializing dummy database for BNF server...
[2026-03-24 20:22:38] [BNF] Added dummy vehicle: BNF1001 (Sedan) @ $85.0
[2026-03-24 20:22:38] [BNF] Server started. UDP Port: 5033
[2026-03-24 20:22:38] [BNF] Added dummy vehicle: BNF2001 (SUV) @ $135.0
[2026-03-24 20:22:38] [BNF] Added dummy vehicle: BNF2002 (SUV) @ $145.0
[2026-03-24 20:22:38] [BNF] Added dummy vehicle: BNF2003 (SUV) @ $160.0
[2026-03-24 20:22:38] [BNF] Added dummy vehicle: BNF3001 (Truck) @ $155.0
[2026-03-24 20:22:38] [BNF] Added dummy vehicle: BNF3002 (Truck) @ $165.0
[2026-03-24 20:22:38] [BNF] Server started. UDP Port: 5013
[2026-03-24 20:22:38] [BNF] Added dummy vehicle: BNF3003 (Truck) @ $180.0
[2026-03-24 20:22:38] [BNF] BNF initialized with 7 unique vehicles
[2026-03-24 20:22:38] [BNF] Dummy database initialization complete. Total vehicles: 7
[2026-03-24 20:22:38] [BNF] Server started. UDP Port: 5003
[2026-03-24 20:22:38] [BNF] Server started. UDP Port: 5023
[2026-03-24 20:22:38] [BNF] Initializing dummy database for BNF server...
[2026-03-24 20:22:38] [BNF] Added dummy vehicle: BNF1001 (Sedan) @ $85.0
[2026-03-24 20:22:38] [BNF] Added dummy vehicle: BNF2001 (SUV) @ $135.0
[2026-03-24 20:22:38] [BNF] Added dummy vehicle: BNF2002 (SUV) @ $145.0
[2026-03-24 20:22:38] [BNF] Added dummy vehicle: BNF2003 (SUV) @ $160.0
[2026-03-24 20:22:38] [BNF] Added dummy vehicle: BNF3001 (Truck) @ $155.0
[2026-03-24 20:22:38] [BNF] Initializing dummy database for BNF server...
[2026-03-24 20:22:38] [BNF] Added dummy vehicle: BNF3002 (Truck) @ $165.0
[2026-03-24 20:22:38] [BNF] Added dummy vehicle: BNF3003 (Truck) @ $180.0
[2026-03-24 20:22:38] [BNF] Added dummy vehicle: BNF1001 (Sedan) @ $85.0
[2026-03-24 20:22:38] [BNF] BNF initialized with 7 unique vehicles
[2026-03-24 20:22:38] [BNF] Dummy database initialization complete. Total vehicles: 7
[2026-03-24 20:22:38] [BNF] Added dummy vehicle: BNF2001 (SUV) @ $135.0
[2026-03-24 20:22:38] [BNF] Added dummy vehicle: BNF2002 (SUV) @ $145.0
[2026-03-24 20:22:38] [BNF] Added dummy vehicle: BNF2003 (SUV) @ $160.0
[2026-03-24 20:22:38] [BNF] Added dummy vehicle: BNF3001 (Truck) @ $155.0
[2026-03-24 20:22:38] [BNF] Added dummy vehicle: BNF3002 (Truck) @ $165.0
[2026-03-24 20:22:38] [BNF] Added dummy vehicle: BNF3003 (Truck) @ $180.0
[2026-03-24 20:22:38] [BNF] BNF initialized with 7 unique vehicles
[2026-03-24 20:22:38] [BNF] Dummy database initialization complete. Total vehicles: 7
[2026-03-24 20:22:38] [BNF] Server started. UDP Port: 5003
[2026-03-24 20:22:38] [BNF] Server started. UDP Port: 5033
[2026-03-24 20:22:38] [BNF] Initializing dummy database for BNF server...
[2026-03-24 20:22:38] [BNF] Added dummy vehicle: BNF1001 (Sedan) @ $85.0
[2026-03-24 20:22:38] [BNF] Added dummy vehicle: BNF2001 (SUV) @ $135.0
[2026-03-24 20:22:38] [BNF] Added dummy vehicle: BNF2002 (SUV) @ $145.0
[2026-03-24 20:22:38] [BNF] Added dummy vehicle: BNF2003 (SUV) @ $160.0
[2026-03-24 20:22:38] [BNF] Added dummy vehicle: BNF3001 (Truck) @ $155.0
[2026-03-24 20:22:38] [BNF] Added dummy vehicle: BNF3002 (Truck) @ $165.0
[2026-03-24 20:22:38] [BNF] Added dummy vehicle: BNF3003 (Truck) @ $180.0
[2026-03-24 20:22:38] [BNF] Initializing dummy database for BNF server...
[2026-03-24 20:22:38] [BNF] BNF initialized with 7 unique vehicles
[2026-03-24 20:22:38] [BNF] Added dummy vehicle: BNF1001 (Sedan) @ $85.0
[2026-03-24 20:22:38] [BNF] Dummy database initialization complete. Total vehicles: 7
[2026-03-24 20:22:38] [BNF] Added dummy vehicle: BNF2001 (SUV) @ $135.0
[2026-03-24 20:22:38] [BNF] Added dummy vehicle: BNF2002 (SUV) @ $145.0
[2026-03-24 20:22:38] [BNF] Server started. UDP Port: 5023
[2026-03-24 20:22:38] [BNF] Added dummy vehicle: BNF2003 (SUV) @ $160.0
[2026-03-24 20:22:38] [BNF] Added dummy vehicle: BNF3001 (Truck) @ $155.0
[2026-03-24 20:22:38] [BNF] Added dummy vehicle: BNF3002 (Truck) @ $165.0
[2026-03-24 20:22:38] [BNF] Added dummy vehicle: BNF3003 (Truck) @ $180.0
[2026-03-24 20:22:38] [BNF] BNF initialized with 7 unique vehicles
[2026-03-24 20:22:38] [BNF] Dummy database initialization complete. Total vehicles: 7
[2026-03-24 20:22:38] [BNF] Server started. UDP Port: 5013
[2026-03-24 20:25:43] [BNF] Initializing dummy database for BNF server...
[2026-03-24 20:25:43] [BNF] Added dummy vehicle: BNF1001 (Sedan) @ $85.0
[2026-03-24 20:25:43] [BNF] Added dummy vehicle: BNF2001 (SUV) @ $135.0
[2026-03-24 20:25:43] [BNF] Initializing dummy database for BNF server...
[2026-03-24 20:25:43] [BNF] Added dummy vehicle: BNF2002 (SUV) @ $145.0
[2026-03-24 20:25:43] [BNF] Added dummy vehicle: BNF1001 (Sedan) @ $85.0
[2026-03-24 20:25:43] [BNF] Added dummy vehicle: BNF2003 (SUV) @ $160.0
[2026-03-24 20:25:43] [BNF] Added dummy vehicle: BNF2001 (SUV) @ $135.0
[2026-03-24 20:25:43] [BNF] Added dummy vehicle: BNF3001 (Truck) @ $155.0
[2026-03-24 20:25:43] [BNF] Added dummy vehicle: BNF2002 (SUV) @ $145.0
[2026-03-24 20:25:43] [BNF] Added dummy vehicle: BNF3002 (Truck) @ $165.0
[2026-03-24 20:25:43] [BNF] Added dummy vehicle: BNF2003 (SUV) @ $160.0
[2026-03-24 20:25:43] [BNF] Initializing dummy database for BNF server...
[2026-03-24 20:25:43] [BNF] Added dummy vehicle: BNF1001 (Sedan) @ $85.0
[2026-03-24 20:25:43] [BNF] Added dummy vehicle: BNF3003 (Truck) @ $180.0
[2026-03-24 20:25:43] [BNF] Added dummy vehicle: BNF2001 (SUV) @ $135.0
[2026-03-24 20:25:43] [BNF] Added dummy vehicle: BNF2002 (SUV) @ $145.0
[2026-03-24 20:25:43] [BNF] Added dummy vehicle: BNF2003 (SUV) @ $160.0
[2026-03-24 20:25:43] [BNF] BNF initialized with 7 unique vehicles
[2026-03-24 20:25:43] [BNF] Added dummy vehicle: BNF3001 (Truck) @ $155.0
[2026-03-24 20:25:43] [BNF] Dummy database initialization complete. Total vehicles: 7
[2026-03-24 20:25:43] [BNF] Added dummy vehicle: BNF3002 (Truck) @ $165.0
[2026-03-24 20:25:43] [BNF] Added dummy vehicle: BNF3003 (Truck) @ $180.0
[2026-03-24 20:25:43] [BNF] Added dummy vehicle: BNF3001 (Truck) @ $155.0
[2026-03-24 20:25:43] [BNF] BNF initialized with 7 unique vehicles
[2026-03-24 20:25:43] [BNF] Added dummy vehicle: BNF3002 (Truck) @ $165.0
[2026-03-24 20:25:43] [BNF] Added dummy vehicle: BNF3003 (Truck) @ $180.0
[2026-03-24 20:25:43] [BNF] Initializing dummy database for BNF server...
[2026-03-24 20:25:43] [BNF] Dummy database initialization complete. Total vehicles: 7
[2026-03-24 20:25:43] [BNF] Added dummy vehicle: BNF1001 (Sedan) @ $85.0
[2026-03-24 20:25:43] [BNF] Added dummy vehicle: BNF2001 (SUV) @ $135.0
[2026-03-24 20:25:43] [BNF] Added dummy vehicle: BNF2002 (SUV) @ $145.0
[2026-03-24 20:25:43] [BNF] Added dummy vehicle: BNF2003 (SUV) @ $160.0
[2026-03-24 20:25:43] [BNF] Added dummy vehicle: BNF3001 (Truck) @ $155.0
[2026-03-24 20:25:43] [BNF] Added dummy vehicle: BNF3002 (Truck) @ $165.0
[2026-03-24 20:25:43] [BNF] BNF initialized with 7 unique vehicles
[2026-03-24 20:25:43] [BNF] Dummy database initialization complete. Total vehicles: 7
[2026-03-24 20:25:43] [BNF] Added dummy vehicle: BNF3003 (Truck) @ $180.0
[2026-03-24 20:25:43] [BNF] Server started. UDP Port: 5023
[2026-03-24 20:25:43] [BNF] BNF initialized with 7 unique vehicles
[2026-03-24 20:25:43] [BNF] Dummy database initialization complete. Total vehicles: 7
[2026-03-24 20:25:43] [BNF] Server started. UDP Port: 5033
[2026-03-24 20:25:43] [BNF] Server started. UDP Port: 5013
[2026-03-24 20:25:43] [BNF] Server started. UDP Port: 5003
[2026-03-24 20:25:43] [BNF] Initializing dummy database for BNF server...
[2026-03-24 20:25:43] [BNF] Added dummy vehicle: BNF1001 (Sedan) @ $85.0
[2026-03-24 20:25:43] [BNF] Added dummy vehicle: BNF2001 (SUV) @ $135.0
[2026-03-24 20:25:43] [BNF] Added dummy vehicle: BNF2002 (SUV) @ $145.0
[2026-03-24 20:25:43] [BNF] Initializing dummy database for BNF server...
[2026-03-24 20:25:43] [BNF] Added dummy vehicle: BNF2003 (SUV) @ $160.0
[2026-03-24 20:25:43] [BNF] Added dummy vehicle: BNF1001 (Sedan) @ $85.0
[2026-03-24 20:25:43] [BNF] Added dummy vehicle: BNF3001 (Truck) @ $155.0
[2026-03-24 20:25:43] [BNF] Added dummy vehicle: BNF2001 (SUV) @ $135.0
[2026-03-24 20:25:43] [BNF] Added dummy vehicle: BNF3002 (Truck) @ $165.0
[2026-03-24 20:25:43] [BNF] Added dummy vehicle: BNF3003 (Truck) @ $180.0
[2026-03-24 20:25:43] [BNF] Added dummy vehicle: BNF2002 (SUV) @ $145.0
[2026-03-24 20:25:43] [BNF] BNF initialized with 7 unique vehicles
[2026-03-24 20:25:43] [BNF] Added dummy vehicle: BNF2003 (SUV) @ $160.0
[2026-03-24 20:25:43] [BNF] Added dummy vehicle: BNF3001 (Truck) @ $155.0
[2026-03-24 20:25:43] [BNF] Dummy database initialization complete. Total vehicles: 7
[2026-03-24 20:25:43] [BNF] Added dummy vehicle: BNF3002 (Truck) @ $165.0
[2026-03-24 20:25:43] [BNF] Initializing dummy database for BNF server...
[2026-03-24 20:25:43] [BNF] Added dummy vehicle: BNF1001 (Sedan) @ $85.0
[2026-03-24 20:25:43] [BNF] Added dummy vehicle: BNF3003 (Truck) @ $180.0
[2026-03-24 20:25:43] [BNF] Added dummy vehicle: BNF2001 (SUV) @ $135.0
[2026-03-24 20:25:43] [BNF] BNF initialized with 7 unique vehicles
[2026-03-24 20:25:43] [BNF] Dummy database initialization complete. Total vehicles: 7
[2026-03-24 20:25:43] [BNF] Added dummy vehicle: BNF2002 (SUV) @ $145.0
[2026-03-24 20:25:43] [BNF] Server started. UDP Port: 5023
[2026-03-24 20:25:43] [BNF] Added dummy vehicle: BNF2003 (SUV) @ $160.0
[2026-03-24 20:25:43] [BNF] Added dummy vehicle: BNF3001 (Truck) @ $155.0
[2026-03-24 20:25:43] [BNF] Added dummy vehicle: BNF3002 (Truck) @ $165.0
[2026-03-24 20:25:43] [BNF] Server started. UDP Port: 5013
[2026-03-24 20:25:43] [BNF] Added dummy vehicle: BNF3003 (Truck) @ $180.0
[2026-03-24 20:25:43] [BNF] BNF initialized with 7 unique vehicles
[2026-03-24 20:25:43] [BNF] Dummy database initialization complete. Total vehicles: 7
[2026-03-24 20:25:43] [BNF] Server started. UDP Port: 5033
[2026-03-24 20:25:43] [BNF] Initializing dummy database for BNF server...
[2026-03-24 20:25:43] [BNF] Added dummy vehicle: BNF1001 (Sedan) @ $85.0
[2026-03-24 20:25:43] [BNF] Added dummy vehicle: BNF2001 (SUV) @ $135.0
[2026-03-24 20:25:43] [BNF] Added dummy vehicle: BNF2002 (SUV) @ $145.0
[2026-03-24 20:25:43] [BNF] Added dummy vehicle: BNF2003 (SUV) @ $160.0
[2026-03-24 20:25:43] [BNF] Added dummy vehicle: BNF3001 (Truck) @ $155.0
[2026-03-24 20:25:43] [BNF] Added dummy vehicle: BNF3002 (Truck) @ $165.0
[2026-03-24 20:25:43] [BNF] Added dummy vehicle: BNF3003 (Truck) @ $180.0
[2026-03-24 20:25:43] [BNF] BNF initialized with 7 unique vehicles
[2026-03-24 20:25:43] [BNF] Dummy database initialization complete. Total vehicles: 7
[2026-03-24 20:25:43] [BNF] Server started. UDP Port: 5003
[2026-03-24 20:30:32] [BNF] Initializing dummy database for BNF server...
[2026-03-24 20:30:32] [BNF] Added dummy vehicle: BNF1001 (Sedan) @ $85.0
[2026-03-24 20:30:32] [BNF] Added dummy vehicle: BNF2001 (SUV) @ $135.0
[2026-03-24 20:30:32] [BNF] Added dummy vehicle: BNF2002 (SUV) @ $145.0
[2026-03-24 20:30:32] [BNF] Added dummy vehicle: BNF2003 (SUV) @ $160.0
[2026-03-24 20:30:32] [BNF] Added dummy vehicle: BNF3001 (Truck) @ $155.0
[2026-03-24 20:30:32] [BNF] Added dummy vehicle: BNF3002 (Truck) @ $165.0
[2026-03-24 20:30:32] [BNF] Added dummy vehicle: BNF3003 (Truck) @ $180.0
[2026-03-24 20:30:32] [BNF] BNF initialized with 7 unique vehicles
[2026-03-24 20:30:32] [BNF] Dummy database initialization complete. Total vehicles: 7
[2026-03-24 20:30:32] [BNF] Server started. UDP Port: 5003
[2026-03-24 20:32:22] [BNF] Initializing dummy database for BNF server...
[2026-03-24 20:32:22] [BNF] Added dummy vehicle: BNF1001 (Sedan) @ $85.0
[2026-03-24 20:32:22] [BNF] Added dummy vehicle: BNF2001 (SUV) @ $135.0
[2026-03-24 20:32:22] [BNF] Added dummy vehicle: BNF2002 (SUV) @ $145.0
[2026-03-24 20:32:22] [BNF] Added dummy vehicle: BNF2003 (SUV) @ $160.0
[2026-03-24 20:32:22] [BNF] Added dummy vehicle: BNF3001 (Truck) @ $155.0
[2026-03-24 20:32:22] [BNF] Added dummy vehicle: BNF3002 (Truck) @ $165.0
[2026-03-24 20:32:22] [BNF] Added dummy vehicle: BNF3003 (Truck) @ $180.0
[2026-03-24 20:32:22] [BNF] BNF initialized with 7 unique vehicles
[2026-03-24 20:32:22] [BNF] Dummy database initialization complete. Total vehicles: 7
[2026-03-24 20:32:22] [BNF] Server started. UDP Port: 5003
[2026-03-24 20:32:36] [BNF] Initializing dummy database for BNF server...
[2026-03-24 20:32:36] [BNF] Added dummy vehicle: BNF1001 (Sedan) @ $85.0
[2026-03-24 20:32:36] [BNF] Added dummy vehicle: BNF2001 (SUV) @ $135.0
[2026-03-24 20:32:36] [BNF] Added dummy vehicle: BNF2002 (SUV) @ $145.0
[2026-03-24 20:32:36] [BNF] Added dummy vehicle: BNF2003 (SUV) @ $160.0
[2026-03-24 20:32:36] [BNF] Added dummy vehicle: BNF3001 (Truck) @ $155.0
[2026-03-24 20:32:36] [BNF] Added dummy vehicle: BNF3002 (Truck) @ $165.0
[2026-03-24 20:32:36] [BNF] Added dummy vehicle: BNF3003 (Truck) @ $180.0
[2026-03-24 20:32:36] [BNF] BNF initialized with 7 unique vehicles
[2026-03-24 20:32:36] [BNF] Dummy database initialization complete. Total vehicles: 7
[2026-03-24 20:32:36] [BNF] Server started. UDP Port: 5013
[2026-03-24 20:32:47] [BNF] Initializing dummy database for BNF server...
[2026-03-24 20:32:47] [BNF] Added dummy vehicle: BNF1001 (Sedan) @ $85.0
[2026-03-24 20:32:47] [BNF] Added dummy vehicle: BNF2001 (SUV) @ $135.0
[2026-03-24 20:32:47] [BNF] Added dummy vehicle: BNF2002 (SUV) @ $145.0
[2026-03-24 20:32:47] [BNF] Added dummy vehicle: BNF2003 (SUV) @ $160.0
[2026-03-24 20:32:47] [BNF] Added dummy vehicle: BNF3001 (Truck) @ $155.0
[2026-03-24 20:32:47] [BNF] Added dummy vehicle: BNF3002 (Truck) @ $165.0
[2026-03-24 20:32:47] [BNF] Added dummy vehicle: BNF3003 (Truck) @ $180.0
[2026-03-24 20:32:47] [BNF] BNF initialized with 7 unique vehicles
[2026-03-24 20:32:47] [BNF] Dummy database initialization complete. Total vehicles: 7
[2026-03-24 20:32:47] [BNF] Server started. UDP Port: 5023
[2026-03-24 20:32:53] [BNF] Initializing dummy database for BNF server...
[2026-03-24 20:32:53] [BNF] Added dummy vehicle: BNF1001 (Sedan) @ $85.0
[2026-03-24 20:32:53] [BNF] Added dummy vehicle: BNF2001 (SUV) @ $135.0
[2026-03-24 20:32:53] [BNF] Added dummy vehicle: BNF2002 (SUV) @ $145.0
[2026-03-24 20:32:53] [BNF] Added dummy vehicle: BNF2003 (SUV) @ $160.0
[2026-03-24 20:32:53] [BNF] Added dummy vehicle: BNF3001 (Truck) @ $155.0
[2026-03-24 20:32:53] [BNF] Added dummy vehicle: BNF3002 (Truck) @ $165.0
[2026-03-24 20:32:53] [BNF] Added dummy vehicle: BNF3003 (Truck) @ $180.0
[2026-03-24 20:32:53] [BNF] BNF initialized with 7 unique vehicles
[2026-03-24 20:32:53] [BNF] Dummy database initialization complete. Total vehicles: 7
[2026-03-24 20:32:53] [BNF] Server started. UDP Port: 5033
[2026-03-24 20:33:53] [BNF] Initializing dummy database for BNF server...
[2026-03-24 20:33:53] [BNF] Added dummy vehicle: BNF1001 (Sedan) @ $85.0
[2026-03-24 20:33:53] [BNF] Initializing dummy database for BNF server...
[2026-03-24 20:33:53] [BNF] Added dummy vehicle: BNF1001 (Sedan) @ $85.0
[2026-03-24 20:33:53] [BNF] Added dummy vehicle: BNF2001 (SUV) @ $135.0
[2026-03-24 20:33:53] [BNF] Added dummy vehicle: BNF2002 (SUV) @ $145.0
[2026-03-24 20:33:53] [BNF] Added dummy vehicle: BNF2003 (SUV) @ $160.0
[2026-03-24 20:33:53] [BNF] Added dummy vehicle: BNF3001 (Truck) @ $155.0
[2026-03-24 20:33:53] [BNF] Added dummy vehicle: BNF3002 (Truck) @ $165.0
[2026-03-24 20:33:53] [BNF] Initializing dummy database for BNF server...
[2026-03-24 20:33:53] [BNF] Added dummy vehicle: BNF3003 (Truck) @ $180.0
[2026-03-24 20:33:53] [BNF] Added dummy vehicle: BNF1001 (Sedan) @ $85.0
[2026-03-24 20:33:53] [BNF] Added dummy vehicle: BNF2001 (SUV) @ $135.0
[2026-03-24 20:33:53] [BNF] Added dummy vehicle: BNF2001 (SUV) @ $135.0
[2026-03-24 20:33:53] [BNF] Added dummy vehicle: BNF2002 (SUV) @ $145.0
[2026-03-24 20:33:53] [BNF] Added dummy vehicle: BNF2003 (SUV) @ $160.0
[2026-03-24 20:33:53] [BNF] Added dummy vehicle: BNF2002 (SUV) @ $145.0
[2026-03-24 20:33:53] [BNF] Added dummy vehicle: BNF3001 (Truck) @ $155.0
[2026-03-24 20:33:53] [BNF] Added dummy vehicle: BNF2003 (SUV) @ $160.0
[2026-03-24 20:33:53] [BNF] Added dummy vehicle: BNF3002 (Truck) @ $165.0
[2026-03-24 20:33:53] [BNF] Added dummy vehicle: BNF3001 (Truck) @ $155.0
[2026-03-24 20:33:53] [BNF] Added dummy vehicle: BNF3003 (Truck) @ $180.0
[2026-03-24 20:33:53] [BNF] BNF initialized with 7 unique vehicles
[2026-03-24 20:33:53] [BNF] Dummy database initialization complete. Total vehicles: 7
[2026-03-24 20:33:53] [BNF] Added dummy vehicle: BNF3002 (Truck) @ $165.0
[2026-03-24 20:33:53] [BNF] Added dummy vehicle: BNF3003 (Truck) @ $180.0
[2026-03-24 20:33:53] [BNF] BNF initialized with 7 unique vehicles
[2026-03-24 20:33:53] [BNF] BNF initialized with 7 unique vehicles
[2026-03-24 20:33:53] [BNF] Initializing dummy database for BNF server...
[2026-03-24 20:33:53] [BNF] Dummy database initialization complete. Total vehicles: 7
[2026-03-24 20:33:53] [BNF] Server started. UDP Port: 5003
[2026-03-24 20:33:53] [BNF] Added dummy vehicle: BNF1001 (Sedan) @ $85.0
[2026-03-24 20:33:53] [BNF] Added dummy vehicle: BNF2001 (SUV) @ $135.0
[2026-03-24 20:33:53] [BNF] Dummy database initialization complete. Total vehicles: 7
[2026-03-24 20:33:53] [BNF] Added dummy vehicle: BNF2002 (SUV) @ $145.0
[2026-03-24 20:33:53] [BNF] Added dummy vehicle: BNF2003 (SUV) @ $160.0
[2026-03-24 20:33:53] [BNF] Added dummy vehicle: BNF3001 (Truck) @ $155.0
[2026-03-24 20:33:53] [BNF] Added dummy vehicle: BNF3002 (Truck) @ $165.0
[2026-03-24 20:33:53] [BNF] Added dummy vehicle: BNF3003 (Truck) @ $180.0
[2026-03-24 20:33:53] [BNF] Server started. UDP Port: 5033
[2026-03-24 20:33:53] [BNF] BNF initialized with 7 unique vehicles
[2026-03-24 20:33:53] [BNF] Dummy database initialization complete. Total vehicles: 7
[2026-03-24 20:33:53] [BNF] Server started. UDP Port: 5013
[2026-03-24 20:33:53] [BNF] Server started. UDP Port: 5023
[2026-03-24 20:33:53] [BNF] Initializing dummy database for BNF server...
[2026-03-24 20:33:53] [BNF] Added dummy vehicle: BNF1001 (Sedan) @ $85.0
[2026-03-24 20:33:53] [BNF] Initializing dummy database for BNF server...
[2026-03-24 20:33:53] [BNF] Added dummy vehicle: BNF2001 (SUV) @ $135.0
[2026-03-24 20:33:53] [BNF] Added dummy vehicle: BNF1001 (Sedan) @ $85.0
[2026-03-24 20:33:53] [BNF] Added dummy vehicle: BNF2002 (SUV) @ $145.0
[2026-03-24 20:33:53] [BNF] Added dummy vehicle: BNF2001 (SUV) @ $135.0
[2026-03-24 20:33:53] [BNF] Added dummy vehicle: BNF2002 (SUV) @ $145.0
[2026-03-24 20:33:53] [BNF] Added dummy vehicle: BNF2003 (SUV) @ $160.0
[2026-03-24 20:33:53] [BNF] Added dummy vehicle: BNF2003 (SUV) @ $160.0
[2026-03-24 20:33:53] [BNF] Added dummy vehicle: BNF3001 (Truck) @ $155.0
[2026-03-24 20:33:53] [BNF] Added dummy vehicle: BNF3002 (Truck) @ $165.0
[2026-03-24 20:33:53] [BNF] Added dummy vehicle: BNF3001 (Truck) @ $155.0
[2026-03-24 20:33:53] [BNF] Added dummy vehicle: BNF3003 (Truck) @ $180.0
[2026-03-24 20:33:53] [BNF] Added dummy vehicle: BNF3002 (Truck) @ $165.0
[2026-03-24 20:33:53] [BNF] BNF initialized with 7 unique vehicles
[2026-03-24 20:33:53] [BNF] Added dummy vehicle: BNF3003 (Truck) @ $180.0
[2026-03-24 20:33:53] [BNF] Dummy database initialization complete. Total vehicles: 7
[2026-03-24 20:33:53] [BNF] BNF initialized with 7 unique vehicles
[2026-03-24 20:33:53] [BNF] Dummy database initialization complete. Total vehicles: 7
[2026-03-24 20:33:53] [BNF] Server started. UDP Port: 5033
[2026-03-24 20:33:53] [BNF] Server started. UDP Port: 5003
[2026-03-24 20:33:53] [BNF] Initializing dummy database for BNF server...
[2026-03-24 20:33:53] [BNF] Added dummy vehicle: BNF1001 (Sedan) @ $85.0
[2026-03-24 20:33:53] [BNF] Added dummy vehicle: BNF2001 (SUV) @ $135.0
[2026-03-24 20:33:53] [BNF] Added dummy vehicle: BNF2002 (SUV) @ $145.0
[2026-03-24 20:33:53] [BNF] Added dummy vehicle: BNF2003 (SUV) @ $160.0
[2026-03-24 20:33:53] [BNF] Added dummy vehicle: BNF3001 (Truck) @ $155.0
[2026-03-24 20:33:53] [BNF] Added dummy vehicle: BNF3002 (Truck) @ $165.0
[2026-03-24 20:33:53] [BNF] Added dummy vehicle: BNF3003 (Truck) @ $180.0
[2026-03-24 20:33:53] [BNF] BNF initialized with 7 unique vehicles
[2026-03-24 20:33:53] [BNF] Dummy database initialization complete. Total vehicles: 7
[2026-03-24 20:33:53] [BNF] Server started. UDP Port: 5013
[2026-03-24 20:33:53] [BNF] Initializing dummy database for BNF server...
[2026-03-24 20:33:53] [BNF] Added dummy vehicle: BNF1001 (Sedan) @ $85.0
[2026-03-24 20:33:53] [BNF] Added dummy vehicle: BNF2001 (SUV) @ $135.0
[2026-03-24 20:33:53] [BNF] Added dummy vehicle: BNF2002 (SUV) @ $145.0
[2026-03-24 20:33:53] [BNF] Added dummy vehicle: BNF2003 (SUV) @ $160.0
[2026-03-24 20:33:53] [BNF] Added dummy vehicle: BNF3001 (Truck) @ $155.0
[2026-03-24 20:33:53] [BNF] Added dummy vehicle: BNF3002 (Truck) @ $165.0
[2026-03-24 20:33:53] [BNF] Added dummy vehicle: BNF3003 (Truck) @ $180.0
[2026-03-24 20:33:53] [BNF] BNF initialized with 7 unique vehicles
[2026-03-24 20:33:53] [BNF] Dummy database initialization complete. Total vehicles: 7
[2026-03-24 20:33:53] [BNF] Server started. UDP Port: 5023
[2026-03-24 20:39:40] [BNF] Initializing dummy database for BNF server...
[2026-03-24 20:39:40] [BNF] Added dummy vehicle: BNF1001 (Sedan) @ $85.0
[2026-03-24 20:39:40] [BNF] Added dummy vehicle: BNF2001 (SUV) @ $135.0
[2026-03-24 20:39:40] [BNF] Added dummy vehicle: BNF2002 (SUV) @ $145.0
[2026-03-24 20:39:40] [BNF] Added dummy vehicle: BNF2003 (SUV) @ $160.0
[2026-03-24 20:39:40] [BNF] Added dummy vehicle: BNF3001 (Truck) @ $155.0
[2026-03-24 20:39:40] [BNF] Added dummy vehicle: BNF3002 (Truck) @ $165.0
[2026-03-24 20:39:40] [BNF] Initializing dummy database for BNF server...
[2026-03-24 20:39:40] [BNF] Added dummy vehicle: BNF1001 (Sedan) @ $85.0
[2026-03-24 20:39:40] [BNF] Added dummy vehicle: BNF3003 (Truck) @ $180.0
[2026-03-24 20:39:40] [BNF] Added dummy vehicle: BNF2001 (SUV) @ $135.0
[2026-03-24 20:39:40] [BNF] Initializing dummy database for BNF server...
[2026-03-24 20:39:40] [BNF] Added dummy vehicle: BNF2002 (SUV) @ $145.0
[2026-03-24 20:39:40] [BNF] Added dummy vehicle: BNF2003 (SUV) @ $160.0
[2026-03-24 20:39:40] [BNF] Added dummy vehicle: BNF1001 (Sedan) @ $85.0
[2026-03-24 20:39:40] [BNF] Added dummy vehicle: BNF3001 (Truck) @ $155.0
[2026-03-24 20:39:40] [BNF] Added dummy vehicle: BNF3002 (Truck) @ $165.0
[2026-03-24 20:39:40] [BNF] Added dummy vehicle: BNF2001 (SUV) @ $135.0
[2026-03-24 20:39:40] [BNF] Added dummy vehicle: BNF3003 (Truck) @ $180.0
[2026-03-24 20:39:40] [BNF] BNF initialized with 7 unique vehicles
[2026-03-24 20:39:40] [BNF] BNF initialized with 7 unique vehicles
[2026-03-24 20:39:40] [BNF] Dummy database initialization complete. Total vehicles: 7
[2026-03-24 20:39:40] [BNF] Dummy database initialization complete. Total vehicles: 7
[2026-03-24 20:39:40] [BNF] Added dummy vehicle: BNF2002 (SUV) @ $145.0
[2026-03-24 20:39:40] [BNF] Added dummy vehicle: BNF2003 (SUV) @ $160.0
[2026-03-24 20:39:40] [BNF] Added dummy vehicle: BNF3001 (Truck) @ $155.0
[2026-03-24 20:39:40] [BNF] Initializing dummy database for BNF server...
[2026-03-24 20:39:40] [BNF] Added dummy vehicle: BNF3002 (Truck) @ $165.0
[2026-03-24 20:39:40] [BNF] Added dummy vehicle: BNF1001 (Sedan) @ $85.0
[2026-03-24 20:39:40] [BNF] Added dummy vehicle: BNF3003 (Truck) @ $180.0
[2026-03-24 20:39:40] [BNF] Added dummy vehicle: BNF2001 (SUV) @ $135.0
[2026-03-24 20:39:40] [BNF] Added dummy vehicle: BNF2002 (SUV) @ $145.0
[2026-03-24 20:39:40] [BNF] BNF initialized with 7 unique vehicles
[2026-03-24 20:39:40] [BNF] Server started. UDP Port: 5023
[2026-03-24 20:39:40] [BNF] Dummy database initialization complete. Total vehicles: 7
[2026-03-24 20:39:40] [BNF] Added dummy vehicle: BNF2003 (SUV) @ $160.0
[2026-03-24 20:39:40] [BNF] Added dummy vehicle: BNF3001 (Truck) @ $155.0
[2026-03-24 20:39:40] [BNF] Added dummy vehicle: BNF3002 (Truck) @ $165.0
[2026-03-24 20:39:40] [BNF] Added dummy vehicle: BNF3003 (Truck) @ $180.0
[2026-03-24 20:39:40] [BNF] BNF initialized with 7 unique vehicles
[2026-03-24 20:39:40] [BNF] Server started. UDP Port: 5033
[2026-03-24 20:39:40] [BNF] Dummy database initialization complete. Total vehicles: 7
[2026-03-24 20:39:40] [BNF] Server started. UDP Port: 5003
[2026-03-24 20:39:40] [BNF] Server started. UDP Port: 5013
[2026-03-24 20:39:40] [BNF] Initializing dummy database for BNF server...
[2026-03-24 20:39:40] [BNF] Added dummy vehicle: BNF1001 (Sedan) @ $85.0
[2026-03-24 20:39:40] [BNF] Added dummy vehicle: BNF2001 (SUV) @ $135.0
[2026-03-24 20:39:40] [BNF] Added dummy vehicle: BNF2002 (SUV) @ $145.0
[2026-03-24 20:39:40] [BNF] Added dummy vehicle: BNF2003 (SUV) @ $160.0
[2026-03-24 20:39:40] [BNF] Added dummy vehicle: BNF3001 (Truck) @ $155.0
[2026-03-24 20:39:40] [BNF] Added dummy vehicle: BNF3002 (Truck) @ $165.0
[2026-03-24 20:39:40] [BNF] Added dummy vehicle: BNF3003 (Truck) @ $180.0
[2026-03-24 20:39:40] [BNF] BNF initialized with 7 unique vehicles
[2026-03-24 20:39:40] [BNF] Dummy database initialization complete. Total vehicles: 7
[2026-03-24 20:39:40] [BNF] Server started. UDP Port: 5033
[2026-03-24 20:39:40] [BNF] Initializing dummy database for BNF server...
[2026-03-24 20:39:40] [BNF] Added dummy vehicle: BNF1001 (Sedan) @ $85.0
[2026-03-24 20:39:40] [BNF] Added dummy vehicle: BNF2001 (SUV) @ $135.0
[2026-03-24 20:39:40] [BNF] Added dummy vehicle: BNF2002 (SUV) @ $145.0
[2026-03-24 20:39:40] [BNF] Added dummy vehicle: BNF2003 (SUV) @ $160.0
[2026-03-24 20:39:40] [BNF] Added dummy vehicle: BNF3001 (Truck) @ $155.0
[2026-03-24 20:39:40] [BNF] Added dummy vehicle: BNF3002 (Truck) @ $165.0
[2026-03-24 20:39:40] [BNF] Added dummy vehicle: BNF3003 (Truck) @ $180.0
[2026-03-24 20:39:40] [BNF] BNF initialized with 7 unique vehicles
[2026-03-24 20:39:40] [BNF] Dummy database initialization complete. Total vehicles: 7
[2026-03-24 20:39:40] [BNF] Server started. UDP Port: 5013
[2026-03-24 20:39:40] [BNF] Initializing dummy database for BNF server...
[2026-03-24 20:39:40] [BNF] Added dummy vehicle: BNF1001 (Sedan) @ $85.0
[2026-03-24 20:39:40] [BNF] Added dummy vehicle: BNF2001 (SUV) @ $135.0
[2026-03-24 20:39:40] [BNF] Added dummy vehicle: BNF2002 (SUV) @ $145.0
[2026-03-24 20:39:40] [BNF] Added dummy vehicle: BNF2003 (SUV) @ $160.0
[2026-03-24 20:39:40] [BNF] Added dummy vehicle: BNF3001 (Truck) @ $155.0
[2026-03-24 20:39:40] [BNF] Added dummy vehicle: BNF3002 (Truck) @ $165.0
[2026-03-24 20:39:40] [BNF] Added dummy vehicle: BNF3003 (Truck) @ $180.0
[2026-03-24 20:39:40] [BNF] BNF initialized with 7 unique vehicles
[2026-03-24 20:39:40] [BNF] Dummy database initialization complete. Total vehicles: 7
[2026-03-24 20:39:40] [BNF] Server started. UDP Port: 5023
[2026-03-24 20:39:40] [BNF] Initializing dummy database for BNF server...
[2026-03-24 20:39:40] [BNF] Added dummy vehicle: BNF1001 (Sedan) @ $85.0
[2026-03-24 20:39:40] [BNF] Added dummy vehicle: BNF2001 (SUV) @ $135.0
[2026-03-24 20:39:40] [BNF] Added dummy vehicle: BNF2002 (SUV) @ $145.0
[2026-03-24 20:39:40] [BNF] Added dummy vehicle: BNF2003 (SUV) @ $160.0
[2026-03-24 20:39:40] [BNF] Added dummy vehicle: BNF3001 (Truck) @ $155.0
[2026-03-24 20:39:40] [BNF] Added dummy vehicle: BNF3002 (Truck) @ $165.0
[2026-03-24 20:39:40] [BNF] Added dummy vehicle: BNF3003 (Truck) @ $180.0
[2026-03-24 20:39:40] [BNF] BNF initialized with 7 unique vehicles
[2026-03-24 20:39:40] [BNF] Dummy database initialization complete. Total vehicles: 7
[2026-03-24 20:39:40] [BNF] Server started. UDP Port: 5003
[2026-03-24 20:56:38] [BNF] Initializing dummy database for BNF server...
[2026-03-24 20:56:38] [BNF] Initializing dummy database for BNF server...
[2026-03-24 20:56:38] [BNF] Added dummy vehicle: BNF1001 (Sedan) @ $85.0
[2026-03-24 20:56:38] [BNF] Added dummy vehicle: BNF1001 (Sedan) @ $85.0
[2026-03-24 20:56:38] [BNF] Added dummy vehicle: BNF2001 (SUV) @ $135.0
[2026-03-24 20:56:38] [BNF] Initializing dummy database for BNF server...
[2026-03-24 20:56:38] [BNF] Added dummy vehicle: BNF2002 (SUV) @ $145.0
[2026-03-24 20:56:38] [BNF] Added dummy vehicle: BNF2003 (SUV) @ $160.0
[2026-03-24 20:56:38] [BNF] Added dummy vehicle: BNF2001 (SUV) @ $135.0
[2026-03-24 20:56:38] [BNF] Added dummy vehicle: BNF3001 (Truck) @ $155.0
[2026-03-24 20:56:38] [BNF] Initializing dummy database for BNF server...
[2026-03-24 20:56:38] [BNF] Added dummy vehicle: BNF2002 (SUV) @ $145.0
[2026-03-24 20:56:38] [BNF] Added dummy vehicle: BNF1001 (Sedan) @ $85.0
[2026-03-24 20:56:38] [BNF] Added dummy vehicle: BNF2003 (SUV) @ $160.0
[2026-03-24 20:56:38] [BNF] Added dummy vehicle: BNF3002 (Truck) @ $165.0
[2026-03-24 20:56:38] [BNF] Added dummy vehicle: BNF2001 (SUV) @ $135.0
[2026-03-24 20:56:38] [BNF] Added dummy vehicle: BNF3003 (Truck) @ $180.0
[2026-03-24 20:56:38] [BNF] Added dummy vehicle: BNF2002 (SUV) @ $145.0
[2026-03-24 20:56:38] [BNF] BNF initialized with 7 unique vehicles
[2026-03-24 20:56:38] [BNF] Added dummy vehicle: BNF1001 (Sedan) @ $85.0
[2026-03-24 20:56:38] [BNF] Added dummy vehicle: BNF2003 (SUV) @ $160.0
[2026-03-24 20:56:38] [BNF] Dummy database initialization complete. Total vehicles: 7
[2026-03-24 20:56:38] [BNF] Added dummy vehicle: BNF3001 (Truck) @ $155.0
[2026-03-24 20:56:38] [BNF] Added dummy vehicle: BNF3001 (Truck) @ $155.0
[2026-03-24 20:56:38] [BNF] Added dummy vehicle: BNF3002 (Truck) @ $165.0
[2026-03-24 20:56:38] [BNF] Added dummy vehicle: BNF2001 (SUV) @ $135.0
[2026-03-24 20:56:38] [BNF] Added dummy vehicle: BNF2002 (SUV) @ $145.0
[2026-03-24 20:56:38] [BNF] Added dummy vehicle: BNF3003 (Truck) @ $180.0
[2026-03-24 20:56:38] [BNF] Added dummy vehicle: BNF3002 (Truck) @ $165.0
[2026-03-24 20:56:38] [BNF] Added dummy vehicle: BNF2003 (SUV) @ $160.0
[2026-03-24 20:56:38] [BNF] BNF initialized with 7 unique vehicles
[2026-03-24 20:56:38] [BNF] Added dummy vehicle: BNF3001 (Truck) @ $155.0
[2026-03-24 20:56:38] [BNF] Dummy database initialization complete. Total vehicles: 7
[2026-03-24 20:56:38] [BNF] Added dummy vehicle: BNF3002 (Truck) @ $165.0
[2026-03-24 20:56:38] [BNF] Added dummy vehicle: BNF3003 (Truck) @ $180.0
[2026-03-24 20:56:38] [BNF] BNF initialized with 7 unique vehicles
[2026-03-24 20:56:38] [BNF] Added dummy vehicle: BNF3003 (Truck) @ $180.0
[2026-03-24 20:56:38] [BNF] Dummy database initialization complete. Total vehicles: 7
[2026-03-24 20:56:38] [BNF] BNF initialized with 7 unique vehicles
[2026-03-24 20:56:38] [BNF] Server started. UDP Port: 5013
[2026-03-24 20:56:38] [BNF] Dummy database initialization complete. Total vehicles: 7
[2026-03-24 20:56:38] [BNF] Server started. UDP Port: 5023
[2026-03-24 20:56:38] [BNF] Server started. UDP Port: 5003
[2026-03-24 20:56:38] [BNF] Server started. UDP Port: 5033
[2026-03-24 20:56:38] [BNF] Initializing dummy database for BNF server...
[2026-03-24 20:56:38] [BNF] Added dummy vehicle: BNF1001 (Sedan) @ $85.0
[2026-03-24 20:56:38] [BNF] Added dummy vehicle: BNF2001 (SUV) @ $135.0
[2026-03-24 20:56:38] [BNF] Added dummy vehicle: BNF2002 (SUV) @ $145.0
[2026-03-24 20:56:38] [BNF] Added dummy vehicle: BNF2003 (SUV) @ $160.0
[2026-03-24 20:56:38] [BNF] Added dummy vehicle: BNF3001 (Truck) @ $155.0
[2026-03-24 20:56:38] [BNF] Added dummy vehicle: BNF3002 (Truck) @ $165.0
[2026-03-24 20:56:38] [BNF] Added dummy vehicle: BNF3003 (Truck) @ $180.0
[2026-03-24 20:56:38] [BNF] BNF initialized with 7 unique vehicles
[2026-03-24 20:56:38] [BNF] Dummy database initialization complete. Total vehicles: 7
[2026-03-24 20:56:38] [BNF] Server started. UDP Port: 5033
[2026-03-24 20:56:38] [BNF] Initializing dummy database for BNF server...
[2026-03-24 20:56:38] [BNF] Added dummy vehicle: BNF1001 (Sedan) @ $85.0
[2026-03-24 20:56:38] [BNF] Added dummy vehicle: BNF2001 (SUV) @ $135.0
[2026-03-24 20:56:38] [BNF] Added dummy vehicle: BNF2002 (SUV) @ $145.0
[2026-03-24 20:56:38] [BNF] Added dummy vehicle: BNF2003 (SUV) @ $160.0
[2026-03-24 20:56:38] [BNF] Added dummy vehicle: BNF3001 (Truck) @ $155.0
[2026-03-24 20:56:38] [BNF] Added dummy vehicle: BNF3002 (Truck) @ $165.0
[2026-03-24 20:56:38] [BNF] Added dummy vehicle: BNF3003 (Truck) @ $180.0
[2026-03-24 20:56:38] [BNF] BNF initialized with 7 unique vehicles
[2026-03-24 20:56:38] [BNF] Dummy database initialization complete. Total vehicles: 7
[2026-03-24 20:56:38] [BNF] Server started. UDP Port: 5023
[2026-03-24 20:56:38] [BNF] Initializing dummy database for BNF server...
[2026-03-24 20:56:38] [BNF] Added dummy vehicle: BNF1001 (Sedan) @ $85.0
[2026-03-24 20:56:38] [BNF] Added dummy vehicle: BNF2001 (SUV) @ $135.0
[2026-03-24 20:56:38] [BNF] Added dummy vehicle: BNF2002 (SUV) @ $145.0
[2026-03-24 20:56:38] [BNF] Added dummy vehicle: BNF2003 (SUV) @ $160.0
[2026-03-24 20:56:38] [BNF] Added dummy vehicle: BNF3001 (Truck) @ $155.0
[2026-03-24 20:56:38] [BNF] Added dummy vehicle: BNF3002 (Truck) @ $165.0
[2026-03-24 20:56:38] [BNF] Added dummy vehicle: BNF3003 (Truck) @ $180.0
[2026-03-24 20:56:38] [BNF] BNF initialized with 7 unique vehicles
[2026-03-24 20:56:38] [BNF] Dummy database initialization complete. Total vehicles: 7
[2026-03-24 20:56:38] [BNF] Server started. UDP Port: 5013
[2026-03-24 20:56:38] [BNF] Initializing dummy database for BNF server...
[2026-03-24 20:56:38] [BNF] Added dummy vehicle: BNF1001 (Sedan) @ $85.0
[2026-03-24 20:56:38] [BNF] Added dummy vehicle: BNF2001 (SUV) @ $135.0
[2026-03-24 20:56:38] [BNF] Added dummy vehicle: BNF2002 (SUV) @ $145.0
[2026-03-24 20:56:38] [BNF] Added dummy vehicle: BNF2003 (SUV) @ $160.0
[2026-03-24 20:56:38] [BNF] Added dummy vehicle: BNF3001 (Truck) @ $155.0
[2026-03-24 20:56:38] [BNF] Added dummy vehicle: BNF3002 (Truck) @ $165.0
[2026-03-24 20:56:38] [BNF] Added dummy vehicle: BNF3003 (Truck) @ $180.0
[2026-03-24 20:56:38] [BNF] BNF initialized with 7 unique vehicles
[2026-03-24 20:56:38] [BNF] Dummy database initialization complete. Total vehicles: 7
[2026-03-24 20:56:38] [BNF] Server started. UDP Port: 5003
[2026-03-24 20:56:46] [BNF] Initializing dummy database for BNF server...
[2026-03-24 20:56:46] [BNF] Added dummy vehicle: BNF1001 (Sedan) @ $85.0
[2026-03-24 20:56:46] [BNF] Added dummy vehicle: BNF2001 (SUV) @ $135.0
[2026-03-24 20:56:46] [BNF] Added dummy vehicle: BNF2002 (SUV) @ $145.0
[2026-03-24 20:56:46] [BNF] Added dummy vehicle: BNF2003 (SUV) @ $160.0
[2026-03-24 20:56:46] [BNF] Added dummy vehicle: BNF3001 (Truck) @ $155.0
[2026-03-24 20:56:46] [BNF] Added dummy vehicle: BNF3002 (Truck) @ $165.0
[2026-03-24 20:56:46] [BNF] Added dummy vehicle: BNF3003 (Truck) @ $180.0
[2026-03-24 20:56:46] [BNF] BNF initialized with 7 unique vehicles
[2026-03-24 20:56:46] [BNF] Dummy database initialization complete. Total vehicles: 7
[2026-03-24 20:56:46] [BNF] Initializing dummy database for BNF server...
[2026-03-24 20:56:46] [BNF] Server started. UDP Port: 5013
[2026-03-24 20:56:46] [BNF] Added dummy vehicle: BNF1001 (Sedan) @ $85.0
[2026-03-24 20:56:46] [BNF] Added dummy vehicle: BNF2001 (SUV) @ $135.0
[2026-03-24 20:56:46] [BNF] Added dummy vehicle: BNF2002 (SUV) @ $145.0
[2026-03-24 20:56:46] [BNF] Added dummy vehicle: BNF2003 (SUV) @ $160.0
[2026-03-24 20:56:46] [BNF] Added dummy vehicle: BNF3001 (Truck) @ $155.0
[2026-03-24 20:56:46] [BNF] Added dummy vehicle: BNF3002 (Truck) @ $165.0
[2026-03-24 20:56:46] [BNF] Initializing dummy database for BNF server...
[2026-03-24 20:56:46] [BNF] Added dummy vehicle: BNF1001 (Sedan) @ $85.0
[2026-03-24 20:56:46] [BNF] Added dummy vehicle: BNF2001 (SUV) @ $135.0
[2026-03-24 20:56:46] [BNF] Added dummy vehicle: BNF2002 (SUV) @ $145.0
[2026-03-24 20:56:46] [BNF] Added dummy vehicle: BNF2003 (SUV) @ $160.0
[2026-03-24 20:56:46] [BNF] Added dummy vehicle: BNF3001 (Truck) @ $155.0
[2026-03-24 20:56:46] [BNF] Added dummy vehicle: BNF3002 (Truck) @ $165.0
[2026-03-24 20:56:46] [BNF] Added dummy vehicle: BNF3003 (Truck) @ $180.0
[2026-03-24 20:56:46] [BNF] BNF initialized with 7 unique vehicles
[2026-03-24 20:56:46] [BNF] Added dummy vehicle: BNF3003 (Truck) @ $180.0
[2026-03-24 20:56:46] [BNF] Dummy database initialization complete. Total vehicles: 7
[2026-03-24 20:56:46] [BNF] BNF initialized with 7 unique vehicles
[2026-03-24 20:56:46] [BNF] Dummy database initialization complete. Total vehicles: 7
[2026-03-24 20:56:46] [BNF] Initializing dummy database for BNF server...
[2026-03-24 20:56:46] [BNF] Added dummy vehicle: BNF1001 (Sedan) @ $85.0
[2026-03-24 20:56:46] [BNF] Added dummy vehicle: BNF2001 (SUV) @ $135.0
[2026-03-24 20:56:46] [BNF] Added dummy vehicle: BNF2002 (SUV) @ $145.0
[2026-03-24 20:56:46] [BNF] Added dummy vehicle: BNF2003 (SUV) @ $160.0
[2026-03-24 20:56:46] [BNF] Added dummy vehicle: BNF3001 (Truck) @ $155.0
[2026-03-24 20:56:46] [BNF] Added dummy vehicle: BNF3002 (Truck) @ $165.0
[2026-03-24 20:56:46] [BNF] Added dummy vehicle: BNF3003 (Truck) @ $180.0
[2026-03-24 20:56:46] [BNF] Server started. UDP Port: 5033
[2026-03-24 20:56:46] [BNF] BNF initialized with 7 unique vehicles
[2026-03-24 20:56:46] [BNF] Server started. UDP Port: 5003
[2026-03-24 20:56:46] [BNF] Dummy database initialization complete. Total vehicles: 7
[2026-03-24 20:56:46] [BNF] Server started. UDP Port: 5023
[2026-03-24 20:56:46] [BNF] Initializing dummy database for BNF server...
[2026-03-24 20:56:46] [BNF] Added dummy vehicle: BNF1001 (Sedan) @ $85.0
[2026-03-24 20:56:46] [BNF] Added dummy vehicle: BNF2001 (SUV) @ $135.0
[2026-03-24 20:56:46] [BNF] Added dummy vehicle: BNF2002 (SUV) @ $145.0
[2026-03-24 20:56:46] [BNF] Added dummy vehicle: BNF2003 (SUV) @ $160.0
[2026-03-24 20:56:46] [BNF] Added dummy vehicle: BNF3001 (Truck) @ $155.0
[2026-03-24 20:56:46] [BNF] Added dummy vehicle: BNF3002 (Truck) @ $165.0
[2026-03-24 20:56:46] [BNF] Added dummy vehicle: BNF3003 (Truck) @ $180.0
[2026-03-24 20:56:46] [BNF] BNF initialized with 7 unique vehicles
[2026-03-24 20:56:46] [BNF] Dummy database initialization complete. Total vehicles: 7
[2026-03-24 20:56:46] [BNF] Server started. UDP Port: 5013
[2026-03-24 20:56:46] [BNF] Initializing dummy database for BNF server...
[2026-03-24 20:56:46] [BNF] Added dummy vehicle: BNF1001 (Sedan) @ $85.0
[2026-03-24 20:56:46] [BNF] Added dummy vehicle: BNF2001 (SUV) @ $135.0
[2026-03-24 20:56:46] [BNF] Added dummy vehicle: BNF2002 (SUV) @ $145.0
[2026-03-24 20:56:46] [BNF] Added dummy vehicle: BNF2003 (SUV) @ $160.0
[2026-03-24 20:56:46] [BNF] Added dummy vehicle: BNF3001 (Truck) @ $155.0
[2026-03-24 20:56:46] [BNF] Added dummy vehicle: BNF3002 (Truck) @ $165.0
[2026-03-24 20:56:46] [BNF] Added dummy vehicle: BNF3003 (Truck) @ $180.0
[2026-03-24 20:56:46] [BNF] BNF initialized with 7 unique vehicles
[2026-03-24 20:56:46] [BNF] Dummy database initialization complete. Total vehicles: 7
[2026-03-24 20:56:46] [BNF] Server started. UDP Port: 5033
[2026-03-24 20:56:46] [BNF] Initializing dummy database for BNF server...
[2026-03-24 20:56:46] [BNF] Added dummy vehicle: BNF1001 (Sedan) @ $85.0
[2026-03-24 20:56:46] [BNF] Added dummy vehicle: BNF2001 (SUV) @ $135.0
[2026-03-24 20:56:46] [BNF] Added dummy vehicle: BNF2002 (SUV) @ $145.0
[2026-03-24 20:56:46] [BNF] Added dummy vehicle: BNF2003 (SUV) @ $160.0
[2026-03-24 20:56:46] [BNF] Added dummy vehicle: BNF3001 (Truck) @ $155.0
[2026-03-24 20:56:46] [BNF] Added dummy vehicle: BNF3002 (Truck) @ $165.0
[2026-03-24 20:56:46] [BNF] Added dummy vehicle: BNF3003 (Truck) @ $180.0
[2026-03-24 20:56:46] [BNF] BNF initialized with 7 unique vehicles
[2026-03-24 20:56:46] [BNF] Dummy database initialization complete. Total vehicles: 7
[2026-03-24 20:56:46] [BNF] Server started. UDP Port: 5003
[2026-03-24 20:56:46] [BNF] Initializing dummy database for BNF server...
[2026-03-24 20:56:46] [BNF] Added dummy vehicle: BNF1001 (Sedan) @ $85.0
[2026-03-24 20:56:46] [BNF] Added dummy vehicle: BNF2001 (SUV) @ $135.0
[2026-03-24 20:56:46] [BNF] Added dummy vehicle: BNF2002 (SUV) @ $145.0
[2026-03-24 20:56:46] [BNF] Added dummy vehicle: BNF2003 (SUV) @ $160.0
[2026-03-24 20:56:46] [BNF] Added dummy vehicle: BNF3001 (Truck) @ $155.0
[2026-03-24 20:56:46] [BNF] Added dummy vehicle: BNF3002 (Truck) @ $165.0
[2026-03-24 20:56:46] [BNF] Added dummy vehicle: BNF3003 (Truck) @ $180.0
[2026-03-24 20:56:46] [BNF] BNF initialized with 7 unique vehicles
[2026-03-24 20:56:46] [BNF] Dummy database initialization complete. Total vehicles: 7
[2026-03-24 20:56:46] [BNF] Server started. UDP Port: 5023
[2026-03-24 20:56:53] [BNF] Initializing dummy database for BNF server...
[2026-03-24 20:56:54] [BNF] Added dummy vehicle: BNF1001 (Sedan) @ $85.0
[2026-03-24 20:56:54] [BNF] Added dummy vehicle: BNF2001 (SUV) @ $135.0
[2026-03-24 20:56:54] [BNF] Added dummy vehicle: BNF2002 (SUV) @ $145.0
[2026-03-24 20:56:54] [BNF] Added dummy vehicle: BNF2003 (SUV) @ $160.0
[2026-03-24 20:56:54] [BNF] Added dummy vehicle: BNF3001 (Truck) @ $155.0
[2026-03-24 20:56:54] [BNF] Added dummy vehicle: BNF3002 (Truck) @ $165.0
[2026-03-24 20:56:54] [BNF] Added dummy vehicle: BNF3003 (Truck) @ $180.0
[2026-03-24 20:56:54] [BNF] BNF initialized with 7 unique vehicles
[2026-03-24 20:56:54] [BNF] Dummy database initialization complete. Total vehicles: 7
[2026-03-24 20:56:54] [BNF] Server started. UDP Port: 5013
[2026-03-24 20:56:54] [BNF] Initializing dummy database for BNF server...
[2026-03-24 20:56:54] [BNF] Added dummy vehicle: BNF1001 (Sedan) @ $85.0
[2026-03-24 20:56:54] [BNF] Initializing dummy database for BNF server...
[2026-03-24 20:56:54] [BNF] Added dummy vehicle: BNF2001 (SUV) @ $135.0
[2026-03-24 20:56:54] [BNF] Added dummy vehicle: BNF1001 (Sedan) @ $85.0
[2026-03-24 20:56:54] [BNF] Added dummy vehicle: BNF2002 (SUV) @ $145.0
[2026-03-24 20:56:54] [BNF] Added dummy vehicle: BNF2001 (SUV) @ $135.0
[2026-03-24 20:56:54] [BNF] Added dummy vehicle: BNF2003 (SUV) @ $160.0
[2026-03-24 20:56:54] [BNF] Added dummy vehicle: BNF3001 (Truck) @ $155.0
[2026-03-24 20:56:54] [BNF] Added dummy vehicle: BNF2002 (SUV) @ $145.0
[2026-03-24 20:56:54] [BNF] Added dummy vehicle: BNF3002 (Truck) @ $165.0
[2026-03-24 20:56:54] [BNF] Added dummy vehicle: BNF3003 (Truck) @ $180.0
[2026-03-24 20:56:54] [BNF] Added dummy vehicle: BNF2003 (SUV) @ $160.0
[2026-03-24 20:56:54] [BNF] Added dummy vehicle: BNF3001 (Truck) @ $155.0
[2026-03-24 20:56:54] [BNF] Added dummy vehicle: BNF3002 (Truck) @ $165.0
[2026-03-24 20:56:54] [BNF] Added dummy vehicle: BNF3003 (Truck) @ $180.0
[2026-03-24 20:56:54] [BNF] BNF initialized with 7 unique vehicles
[2026-03-24 20:56:54] [BNF] BNF initialized with 7 unique vehicles
[2026-03-24 20:56:54] [BNF] Dummy database initialization complete. Total vehicles: 7
[2026-03-24 20:56:54] [BNF] Dummy database initialization complete. Total vehicles: 7
[2026-03-24 20:56:54] [BNF] Initializing dummy database for BNF server...
[2026-03-24 20:56:54] [BNF] Server started. UDP Port: 5023
[2026-03-24 20:56:54] [BNF] Added dummy vehicle: BNF1001 (Sedan) @ $85.0
[2026-03-24 20:56:54] [BNF] Server started. UDP Port: 5033
[2026-03-24 20:56:54] [BNF] Added dummy vehicle: BNF2001 (SUV) @ $135.0
[2026-03-24 20:56:54] [BNF] Added dummy vehicle: BNF2002 (SUV) @ $145.0
[2026-03-24 20:56:54] [BNF] Added dummy vehicle: BNF2003 (SUV) @ $160.0
[2026-03-24 20:56:54] [BNF] Added dummy vehicle: BNF3001 (Truck) @ $155.0
[2026-03-24 20:56:54] [BNF] Added dummy vehicle: BNF3002 (Truck) @ $165.0
[2026-03-24 20:56:54] [BNF] Added dummy vehicle: BNF3003 (Truck) @ $180.0
[2026-03-24 20:56:54] [BNF] BNF initialized with 7 unique vehicles
[2026-03-24 20:56:54] [BNF] Dummy database initialization complete. Total vehicles: 7
[2026-03-24 20:56:54] [BNF] Server started. UDP Port: 5003
[2026-03-24 20:56:54] [BNF] Initializing dummy database for BNF server...
[2026-03-24 20:56:54] [BNF] Added dummy vehicle: BNF1001 (Sedan) @ $85.0
[2026-03-24 20:56:54] [BNF] Added dummy vehicle: BNF2001 (SUV) @ $135.0
[2026-03-24 20:56:54] [BNF] Added dummy vehicle: BNF2002 (SUV) @ $145.0
[2026-03-24 20:56:54] [BNF] Added dummy vehicle: BNF2003 (SUV) @ $160.0
[2026-03-24 20:56:54] [BNF] Added dummy vehicle: BNF3001 (Truck) @ $155.0
[2026-03-24 20:56:54] [BNF] Added dummy vehicle: BNF3002 (Truck) @ $165.0
[2026-03-24 20:56:54] [BNF] Added dummy vehicle: BNF3003 (Truck) @ $180.0
[2026-03-24 20:56:54] [BNF] BNF initialized with 7 unique vehicles
[2026-03-24 20:56:54] [BNF] Dummy database initialization complete. Total vehicles: 7
[2026-03-24 20:56:54] [BNF] Server started. UDP Port: 5023
[2026-03-24 20:56:54] [BNF] Initializing dummy database for BNF server...
[2026-03-24 20:56:54] [BNF] Added dummy vehicle: BNF1001 (Sedan) @ $85.0
[2026-03-24 20:56:54] [BNF] Added dummy vehicle: BNF2001 (SUV) @ $135.0
[2026-03-24 20:56:54] [BNF] Added dummy vehicle: BNF2002 (SUV) @ $145.0
[2026-03-24 20:56:54] [BNF] Added dummy vehicle: BNF2003 (SUV) @ $160.0
[2026-03-24 20:56:54] [BNF] Added dummy vehicle: BNF3001 (Truck) @ $155.0
[2026-03-24 20:56:54] [BNF] Initializing dummy database for BNF server...
[2026-03-24 20:56:54] [BNF] Added dummy vehicle: BNF3002 (Truck) @ $165.0
[2026-03-24 20:56:54] [BNF] Added dummy vehicle: BNF1001 (Sedan) @ $85.0
[2026-03-24 20:56:54] [BNF] Added dummy vehicle: BNF3003 (Truck) @ $180.0
[2026-03-24 20:56:54] [BNF] BNF initialized with 7 unique vehicles
[2026-03-24 20:56:54] [BNF] Dummy database initialization complete. Total vehicles: 7
[2026-03-24 20:56:54] [BNF] Added dummy vehicle: BNF2001 (SUV) @ $135.0
[2026-03-24 20:56:54] [BNF] Server started. UDP Port: 5033
[2026-03-24 20:56:54] [BNF] Added dummy vehicle: BNF2002 (SUV) @ $145.0
[2026-03-24 20:56:54] [BNF] Added dummy vehicle: BNF2003 (SUV) @ $160.0
[2026-03-24 20:56:54] [BNF] Added dummy vehicle: BNF3001 (Truck) @ $155.0
[2026-03-24 20:56:54] [BNF] Added dummy vehicle: BNF3002 (Truck) @ $165.0
[2026-03-24 20:56:54] [BNF] Added dummy vehicle: BNF3003 (Truck) @ $180.0
[2026-03-24 20:56:54] [BNF] BNF initialized with 7 unique vehicles
[2026-03-24 20:56:54] [BNF] Dummy database initialization complete. Total vehicles: 7
[2026-03-24 20:56:54] [BNF] Server started. UDP Port: 5013
[2026-03-24 20:56:54] [BNF] Initializing dummy database for BNF server...
[2026-03-24 20:56:54] [BNF] Added dummy vehicle: BNF1001 (Sedan) @ $85.0
[2026-03-24 20:56:54] [BNF] Added dummy vehicle: BNF2001 (SUV) @ $135.0
[2026-03-24 20:56:54] [BNF] Added dummy vehicle: BNF2002 (SUV) @ $145.0
[2026-03-24 20:56:54] [BNF] Added dummy vehicle: BNF2003 (SUV) @ $160.0
[2026-03-24 20:56:54] [BNF] Added dummy vehicle: BNF3001 (Truck) @ $155.0
[2026-03-24 20:56:54] [BNF] Added dummy vehicle: BNF3002 (Truck) @ $165.0
[2026-03-24 20:56:54] [BNF] Added dummy vehicle: BNF3003 (Truck) @ $180.0
[2026-03-24 20:56:54] [BNF] BNF initialized with 7 unique vehicles
[2026-03-24 20:56:54] [BNF] Dummy database initialization complete. Total vehicles: 7
[2026-03-24 20:56:54] [BNF] Server started. UDP Port: 5003
[2026-03-24 23:59:13] [BNF] Initializing dummy database for BNF server...
[2026-03-24 23:59:13] [BNF] Added dummy vehicle: BNF1001 (Sedan) @ $85.0
[2026-03-24 23:59:13] [BNF] Added dummy vehicle: BNF2001 (SUV) @ $135.0
[2026-03-24 23:59:13] [BNF] Added dummy vehicle: BNF2002 (SUV) @ $145.0
[2026-03-24 23:59:13] [BNF] Added dummy vehicle: BNF2003 (SUV) @ $160.0
[2026-03-24 23:59:13] [BNF] Added dummy vehicle: BNF3001 (Truck) @ $155.0
[2026-03-24 23:59:13] [BNF] Added dummy vehicle: BNF3002 (Truck) @ $165.0
[2026-03-24 23:59:13] [BNF] Added dummy vehicle: BNF3003 (Truck) @ $180.0
[2026-03-24 23:59:13] [BNF] BNF initialized with 7 unique vehicles
[2026-03-24 23:59:13] [BNF] Dummy database initialization complete. Total vehicles: 7
[2026-03-24 23:59:13] [BNF] Initializing dummy database for BNF server...
[2026-03-24 23:59:13] [BNF] Added dummy vehicle: BNF1001 (Sedan) @ $85.0
[2026-03-24 23:59:13] [BNF] Added dummy vehicle: BNF2001 (SUV) @ $135.0
[2026-03-24 23:59:13] [BNF] Server started. UDP Port: 5023
[2026-03-24 23:59:13] [BNF] Initializing dummy database for BNF server...
[2026-03-24 23:59:13] [BNF] Added dummy vehicle: BNF2002 (SUV) @ $145.0
[2026-03-24 23:59:13] [BNF] Added dummy vehicle: BNF1001 (Sedan) @ $85.0
[2026-03-24 23:59:13] [BNF] Added dummy vehicle: BNF2003 (SUV) @ $160.0
[2026-03-24 23:59:13] [BNF] Added dummy vehicle: BNF2001 (SUV) @ $135.0
[2026-03-24 23:59:13] [BNF] Added dummy vehicle: BNF3001 (Truck) @ $155.0
[2026-03-24 23:59:13] [BNF] Added dummy vehicle: BNF3002 (Truck) @ $165.0
[2026-03-24 23:59:13] [BNF] Added dummy vehicle: BNF2002 (SUV) @ $145.0
[2026-03-24 23:59:13] [BNF] Added dummy vehicle: BNF3003 (Truck) @ $180.0
[2026-03-24 23:59:13] [BNF] Added dummy vehicle: BNF2003 (SUV) @ $160.0
[2026-03-24 23:59:13] [BNF] BNF initialized with 7 unique vehicles
[2026-03-24 23:59:13] [BNF] Added dummy vehicle: BNF3001 (Truck) @ $155.0
[2026-03-24 23:59:13] [BNF] Dummy database initialization complete. Total vehicles: 7
[2026-03-24 23:59:13] [BNF] Added dummy vehicle: BNF3002 (Truck) @ $165.0
[2026-03-24 23:59:13] [BNF] Added dummy vehicle: BNF3003 (Truck) @ $180.0
[2026-03-24 23:59:13] [BNF] Initializing dummy database for BNF server...
[2026-03-24 23:59:13] [BNF] BNF initialized with 7 unique vehicles
[2026-03-24 23:59:13] [BNF] Server started. UDP Port: 5013
[2026-03-24 23:59:13] [BNF] Added dummy vehicle: BNF1001 (Sedan) @ $85.0
[2026-03-24 23:59:13] [BNF] Dummy database initialization complete. Total vehicles: 7
[2026-03-24 23:59:13] [BNF] Added dummy vehicle: BNF2001 (SUV) @ $135.0
[2026-03-24 23:59:13] [BNF] Added dummy vehicle: BNF2002 (SUV) @ $145.0
[2026-03-24 23:59:13] [BNF] Added dummy vehicle: BNF2003 (SUV) @ $160.0
[2026-03-24 23:59:13] [BNF] Server started. UDP Port: 5033
[2026-03-24 23:59:13] [BNF] Added dummy vehicle: BNF3001 (Truck) @ $155.0
[2026-03-24 23:59:13] [BNF] Added dummy vehicle: BNF3002 (Truck) @ $165.0
[2026-03-24 23:59:13] [BNF] Added dummy vehicle: BNF3003 (Truck) @ $180.0
[2026-03-24 23:59:13] [BNF] BNF initialized with 7 unique vehicles
[2026-03-24 23:59:13] [BNF] Dummy database initialization complete. Total vehicles: 7
[2026-03-24 23:59:13] [BNF] Server started. UDP Port: 5003
[2026-03-24 23:59:14] [BNF] Initializing dummy database for BNF server...
[2026-03-24 23:59:14] [BNF] Added dummy vehicle: BNF1001 (Sedan) @ $85.0
[2026-03-24 23:59:14] [BNF] Added dummy vehicle: BNF2001 (SUV) @ $135.0
[2026-03-24 23:59:14] [BNF] Added dummy vehicle: BNF2002 (SUV) @ $145.0
[2026-03-24 23:59:14] [BNF] Added dummy vehicle: BNF2003 (SUV) @ $160.0
[2026-03-24 23:59:14] [BNF] Added dummy vehicle: BNF3001 (Truck) @ $155.0
[2026-03-24 23:59:14] [BNF] Added dummy vehicle: BNF3002 (Truck) @ $165.0
[2026-03-24 23:59:14] [BNF] Added dummy vehicle: BNF3003 (Truck) @ $180.0
[2026-03-24 23:59:14] [BNF] BNF initialized with 7 unique vehicles
[2026-03-24 23:59:14] [BNF] Dummy database initialization complete. Total vehicles: 7
[2026-03-24 23:59:14] [BNF] Server started. UDP Port: 5023
[2026-03-24 23:59:14] [BNF] Initializing dummy database for BNF server...
[2026-03-24 23:59:14] [BNF] Added dummy vehicle: BNF1001 (Sedan) @ $85.0
[2026-03-24 23:59:14] [BNF] Added dummy vehicle: BNF2001 (SUV) @ $135.0
[2026-03-24 23:59:14] [BNF] Initializing dummy database for BNF server...
[2026-03-24 23:59:14] [BNF] Added dummy vehicle: BNF1001 (Sedan) @ $85.0
[2026-03-24 23:59:14] [BNF] Added dummy vehicle: BNF2001 (SUV) @ $135.0
[2026-03-24 23:59:14] [BNF] Added dummy vehicle: BNF2002 (SUV) @ $145.0
[2026-03-24 23:59:14] [BNF] Added dummy vehicle: BNF2002 (SUV) @ $145.0
[2026-03-24 23:59:14] [BNF] Added dummy vehicle: BNF2003 (SUV) @ $160.0
[2026-03-24 23:59:14] [BNF] Added dummy vehicle: BNF2003 (SUV) @ $160.0
[2026-03-24 23:59:14] [BNF] Added dummy vehicle: BNF3001 (Truck) @ $155.0
[2026-03-24 23:59:14] [BNF] Added dummy vehicle: BNF3002 (Truck) @ $165.0
[2026-03-24 23:59:14] [BNF] Added dummy vehicle: BNF3003 (Truck) @ $180.0
[2026-03-24 23:59:14] [BNF] BNF initialized with 7 unique vehicles
[2026-03-24 23:59:14] [BNF] Dummy database initialization complete. Total vehicles: 7
[2026-03-24 23:59:14] [BNF] Added dummy vehicle: BNF3001 (Truck) @ $155.0
[2026-03-24 23:59:14] [BNF] Added dummy vehicle: BNF3002 (Truck) @ $165.0
[2026-03-24 23:59:14] [BNF] Added dummy vehicle: BNF3003 (Truck) @ $180.0
[2026-03-24 23:59:14] [BNF] BNF initialized with 7 unique vehicles
[2026-03-24 23:59:14] [BNF] Dummy database initialization complete. Total vehicles: 7
[2026-03-24 23:59:14] [BNF] Server started. UDP Port: 5013
[2026-03-24 23:59:14] [BNF] Server started. UDP Port: 5033
[2026-03-24 23:59:14] [BNF] Initializing dummy database for BNF server...
[2026-03-24 23:59:14] [BNF] Added dummy vehicle: BNF1001 (Sedan) @ $85.0
[2026-03-24 23:59:14] [BNF] Added dummy vehicle: BNF2001 (SUV) @ $135.0
[2026-03-24 23:59:14] [BNF] Added dummy vehicle: BNF2002 (SUV) @ $145.0
[2026-03-24 23:59:14] [BNF] Added dummy vehicle: BNF2003 (SUV) @ $160.0
[2026-03-24 23:59:14] [BNF] Added dummy vehicle: BNF3001 (Truck) @ $155.0
[2026-03-24 23:59:14] [BNF] Added dummy vehicle: BNF3002 (Truck) @ $165.0
[2026-03-24 23:59:14] [BNF] Added dummy vehicle: BNF3003 (Truck) @ $180.0
[2026-03-24 23:59:14] [BNF] BNF initialized with 7 unique vehicles
[2026-03-24 23:59:14] [BNF] Dummy database initialization complete. Total vehicles: 7
[2026-03-24 23:59:14] [BNF] Server started. UDP Port: 5003
[2026-03-25 00:02:28] [BNF] Initializing dummy database for BNF server...
[2026-03-25 00:02:28] [BNF] Added dummy vehicle: BNF1001 (Sedan) @ $85.0
[2026-03-25 00:02:28] [BNF] Added dummy vehicle: BNF2001 (SUV) @ $135.0
[2026-03-25 00:02:28] [BNF] Added dummy vehicle: BNF2002 (SUV) @ $145.0
[2026-03-25 00:02:28] [BNF] Added dummy vehicle: BNF2003 (SUV) @ $160.0
[2026-03-25 00:02:28] [BNF] Added dummy vehicle: BNF3001 (Truck) @ $155.0
[2026-03-25 00:02:28] [BNF] Added dummy vehicle: BNF3002 (Truck) @ $165.0
[2026-03-25 00:02:28] [BNF] Added dummy vehicle: BNF3003 (Truck) @ $180.0
[2026-03-25 00:02:28] [BNF] BNF initialized with 7 unique vehicles
[2026-03-25 00:02:28] [BNF] Initializing dummy database for BNF server...
[2026-03-25 00:02:28] [BNF] Added dummy vehicle: BNF1001 (Sedan) @ $85.0
[2026-03-25 00:02:28] [BNF] Dummy database initialization complete. Total vehicles: 7
[2026-03-25 00:02:28] [BNF] Added dummy vehicle: BNF2001 (SUV) @ $135.0
[2026-03-25 00:02:28] [BNF] Added dummy vehicle: BNF2002 (SUV) @ $145.0
[2026-03-25 00:02:28] [BNF] Added dummy vehicle: BNF2003 (SUV) @ $160.0
[2026-03-25 00:02:28] [BNF] Added dummy vehicle: BNF3001 (Truck) @ $155.0
[2026-03-25 00:02:28] [BNF] Initializing dummy database for BNF server...
[2026-03-25 00:02:28] [BNF] Added dummy vehicle: BNF3002 (Truck) @ $165.0
[2026-03-25 00:02:28] [BNF] Added dummy vehicle: BNF1001 (Sedan) @ $85.0
[2026-03-25 00:02:28] [BNF] Added dummy vehicle: BNF3003 (Truck) @ $180.0
[2026-03-25 00:02:28] [BNF] Added dummy vehicle: BNF2001 (SUV) @ $135.0
[2026-03-25 00:02:28] [BNF] BNF initialized with 7 unique vehicles
[2026-03-25 00:02:28] [BNF] Added dummy vehicle: BNF2002 (SUV) @ $145.0
[2026-03-25 00:02:28] [BNF] Initializing dummy database for BNF server...
[2026-03-25 00:02:28] [BNF] Dummy database initialization complete. Total vehicles: 7
[2026-03-25 00:02:28] [BNF] Added dummy vehicle: BNF1001 (Sedan) @ $85.0
[2026-03-25 00:02:28] [BNF] Added dummy vehicle: BNF2003 (SUV) @ $160.0
[2026-03-25 00:02:28] [BNF] Server started. UDP Port: 5013
[2026-03-25 00:02:28] [BNF] Added dummy vehicle: BNF3001 (Truck) @ $155.0
[2026-03-25 00:02:28] [BNF] Added dummy vehicle: BNF2001 (SUV) @ $135.0
[2026-03-25 00:02:28] [BNF] Server started. UDP Port: 5033
[2026-03-25 00:02:28] [BNF] Added dummy vehicle: BNF3002 (Truck) @ $165.0
[2026-03-25 00:02:28] [BNF] Added dummy vehicle: BNF2002 (SUV) @ $145.0
[2026-03-25 00:02:28] [BNF] Added dummy vehicle: BNF2003 (SUV) @ $160.0
[2026-03-25 00:02:28] [BNF] Added dummy vehicle: BNF3003 (Truck) @ $180.0
[2026-03-25 00:02:28] [BNF] BNF initialized with 7 unique vehicles
[2026-03-25 00:02:28] [BNF] Dummy database initialization complete. Total vehicles: 7
[2026-03-25 00:02:28] [BNF] Added dummy vehicle: BNF3001 (Truck) @ $155.0
[2026-03-25 00:02:28] [BNF] Added dummy vehicle: BNF3002 (Truck) @ $165.0
[2026-03-25 00:02:28] [BNF] Added dummy vehicle: BNF3003 (Truck) @ $180.0
[2026-03-25 00:02:28] [BNF] Server started. UDP Port: 5023
[2026-03-25 00:02:28] [BNF] BNF initialized with 7 unique vehicles
[2026-03-25 00:02:28] [BNF] Dummy database initialization complete. Total vehicles: 7
[2026-03-25 00:02:28] [BNF] Server started. UDP Port: 5003
[2026-03-25 00:02:28] [BNF] Initializing dummy database for BNF server...
[2026-03-25 00:02:28] [BNF] Added dummy vehicle: BNF1001 (Sedan) @ $85.0
[2026-03-25 00:02:28] [BNF] Added dummy vehicle: BNF2001 (SUV) @ $135.0
[2026-03-25 00:02:28] [BNF] Added dummy vehicle: BNF2002 (SUV) @ $145.0
[2026-03-25 00:02:28] [BNF] Added dummy vehicle: BNF2003 (SUV) @ $160.0
[2026-03-25 00:02:28] [BNF] Added dummy vehicle: BNF3001 (Truck) @ $155.0
[2026-03-25 00:02:28] [BNF] Added dummy vehicle: BNF3002 (Truck) @ $165.0
[2026-03-25 00:02:28] [BNF] Added dummy vehicle: BNF3003 (Truck) @ $180.0
[2026-03-25 00:02:28] [BNF] BNF initialized with 7 unique vehicles
[2026-03-25 00:02:28] [BNF] Dummy database initialization complete. Total vehicles: 7
[2026-03-25 00:02:28] [BNF] Server started. UDP Port: 5003
[2026-03-25 00:02:28] [BNF] Initializing dummy database for BNF server...
[2026-03-25 00:02:28] [BNF] Added dummy vehicle: BNF1001 (Sedan) @ $85.0
[2026-03-25 00:02:28] [BNF] Added dummy vehicle: BNF2001 (SUV) @ $135.0
[2026-03-25 00:02:28] [BNF] Added dummy vehicle: BNF2002 (SUV) @ $145.0
[2026-03-25 00:02:28] [BNF] Added dummy vehicle: BNF2003 (SUV) @ $160.0
[2026-03-25 00:02:28] [BNF] Added dummy vehicle: BNF3001 (Truck) @ $155.0
[2026-03-25 00:02:28] [BNF] Added dummy vehicle: BNF3002 (Truck) @ $165.0
[2026-03-25 00:02:28] [BNF] Added dummy vehicle: BNF3003 (Truck) @ $180.0
[2026-03-25 00:02:28] [BNF] BNF initialized with 7 unique vehicles
[2026-03-25 00:02:28] [BNF] Dummy database initialization complete. Total vehicles: 7
[2026-03-25 00:02:28] [BNF] Server started. UDP Port: 5023
[2026-03-25 00:02:29] [BNF] Initializing dummy database for BNF server...
[2026-03-25 00:02:29] [BNF] Added dummy vehicle: BNF1001 (Sedan) @ $85.0
[2026-03-25 00:02:29] [BNF] Added dummy vehicle: BNF2001 (SUV) @ $135.0
[2026-03-25 00:02:29] [BNF] Added dummy vehicle: BNF2002 (SUV) @ $145.0
[2026-03-25 00:02:29] [BNF] Added dummy vehicle: BNF2003 (SUV) @ $160.0
[2026-03-25 00:02:29] [BNF] Added dummy vehicle: BNF3001 (Truck) @ $155.0
[2026-03-25 00:02:29] [BNF] Added dummy vehicle: BNF3002 (Truck) @ $165.0
[2026-03-25 00:02:29] [BNF] Added dummy vehicle: BNF3003 (Truck) @ $180.0
[2026-03-25 00:02:29] [BNF] BNF initialized with 7 unique vehicles
[2026-03-25 00:02:29] [BNF] Dummy database initialization complete. Total vehicles: 7
[2026-03-25 00:02:29] [BNF] Server started. UDP Port: 5013
[2026-03-25 00:02:29] [BNF] Initializing dummy database for BNF server...
[2026-03-25 00:02:29] [BNF] Added dummy vehicle: BNF1001 (Sedan) @ $85.0
[2026-03-25 00:02:29] [BNF] Added dummy vehicle: BNF2001 (SUV) @ $135.0
[2026-03-25 00:02:29] [BNF] Added dummy vehicle: BNF2002 (SUV) @ $145.0
[2026-03-25 00:02:29] [BNF] Added dummy vehicle: BNF2003 (SUV) @ $160.0
[2026-03-25 00:02:29] [BNF] Added dummy vehicle: BNF3001 (Truck) @ $155.0
[2026-03-25 00:02:29] [BNF] Added dummy vehicle: BNF3002 (Truck) @ $165.0
[2026-03-25 00:02:29] [BNF] Added dummy vehicle: BNF3003 (Truck) @ $180.0
[2026-03-25 00:02:29] [BNF] BNF initialized with 7 unique vehicles
[2026-03-25 00:02:29] [BNF] Dummy database initialization complete. Total vehicles: 7
[2026-03-25 00:02:29] [BNF] Server started. UDP Port: 5033
[2026-03-25 00:02:40] [BNF] Initializing dummy database for BNF server...
[2026-03-25 00:02:40] [BNF] Added dummy vehicle: BNF1001 (Sedan) @ $85.0
[2026-03-25 00:02:40] [BNF] Added dummy vehicle: BNF2001 (SUV) @ $135.0
[2026-03-25 00:02:40] [BNF] Initializing dummy database for BNF server...
[2026-03-25 00:02:40] [BNF] Added dummy vehicle: BNF2002 (SUV) @ $145.0
[2026-03-25 00:02:40] [BNF] Added dummy vehicle: BNF1001 (Sedan) @ $85.0
[2026-03-25 00:02:40] [BNF] Added dummy vehicle: BNF2003 (SUV) @ $160.0
[2026-03-25 00:02:40] [BNF] Added dummy vehicle: BNF3001 (Truck) @ $155.0
[2026-03-25 00:02:40] [BNF] Added dummy vehicle: BNF3002 (Truck) @ $165.0
[2026-03-25 00:02:40] [BNF] Added dummy vehicle: BNF2001 (SUV) @ $135.0
[2026-03-25 00:02:40] [BNF] Added dummy vehicle: BNF3003 (Truck) @ $180.0
[2026-03-25 00:02:40] [BNF] Added dummy vehicle: BNF2002 (SUV) @ $145.0
[2026-03-25 00:02:40] [BNF] BNF initialized with 7 unique vehicles
[2026-03-25 00:02:40] [BNF] Added dummy vehicle: BNF2003 (SUV) @ $160.0
[2026-03-25 00:02:40] [BNF] Dummy database initialization complete. Total vehicles: 7
[2026-03-25 00:02:40] [BNF] Added dummy vehicle: BNF3001 (Truck) @ $155.0
[2026-03-25 00:02:40] [BNF] Server started. UDP Port: 5003
[2026-03-25 00:02:40] [BNF] Added dummy vehicle: BNF3002 (Truck) @ $165.0
[2026-03-25 00:02:40] [BNF] Added dummy vehicle: BNF3003 (Truck) @ $180.0
[2026-03-25 00:02:40] [BNF] BNF initialized with 7 unique vehicles
[2026-03-25 00:02:40] [BNF] Dummy database initialization complete. Total vehicles: 7
[2026-03-25 00:02:40] [BNF] Initializing dummy database for BNF server...
[2026-03-25 00:02:40] [BNF] Added dummy vehicle: BNF1001 (Sedan) @ $85.0
[2026-03-25 00:02:40] [BNF] Added dummy vehicle: BNF2001 (SUV) @ $135.0
[2026-03-25 00:02:40] [BNF] Added dummy vehicle: BNF2002 (SUV) @ $145.0
[2026-03-25 00:02:40] [BNF] Server started. UDP Port: 5023
[2026-03-25 00:02:40] [BNF] Added dummy vehicle: BNF2003 (SUV) @ $160.0
[2026-03-25 00:02:40] [BNF] Added dummy vehicle: BNF3001 (Truck) @ $155.0
[2026-03-25 00:02:40] [BNF] Added dummy vehicle: BNF3002 (Truck) @ $165.0
[2026-03-25 00:02:40] [BNF] Added dummy vehicle: BNF3003 (Truck) @ $180.0
[2026-03-25 00:02:40] [BNF] BNF initialized with 7 unique vehicles
[2026-03-25 00:02:40] [BNF] Dummy database initialization complete. Total vehicles: 7
[2026-03-25 00:02:40] [BNF] Initializing dummy database for BNF server...
[2026-03-25 00:02:40] [BNF] Added dummy vehicle: BNF1001 (Sedan) @ $85.0
[2026-03-25 00:02:40] [BNF] Server started. UDP Port: 5013
[2026-03-25 00:02:40] [BNF] Added dummy vehicle: BNF2001 (SUV) @ $135.0
[2026-03-25 00:02:40] [BNF] Added dummy vehicle: BNF2002 (SUV) @ $145.0
[2026-03-25 00:02:40] [BNF] Added dummy vehicle: BNF2003 (SUV) @ $160.0
[2026-03-25 00:02:40] [BNF] Added dummy vehicle: BNF3001 (Truck) @ $155.0
[2026-03-25 00:02:40] [BNF] Added dummy vehicle: BNF3002 (Truck) @ $165.0
[2026-03-25 00:02:40] [BNF] Added dummy vehicle: BNF3003 (Truck) @ $180.0
[2026-03-25 00:02:40] [BNF] BNF initialized with 7 unique vehicles
[2026-03-25 00:02:40] [BNF] Dummy database initialization complete. Total vehicles: 7
[2026-03-25 00:02:40] [BNF] Server started. UDP Port: 5033
[2026-03-25 00:02:41] [BNF] Initializing dummy database for BNF server...
[2026-03-25 00:02:41] [BNF] Added dummy vehicle: BNF1001 (Sedan) @ $85.0
[2026-03-25 00:02:41] [BNF] Added dummy vehicle: BNF2001 (SUV) @ $135.0
[2026-03-25 00:02:41] [BNF] Added dummy vehicle: BNF2002 (SUV) @ $145.0
[2026-03-25 00:02:41] [BNF] Added dummy vehicle: BNF2003 (SUV) @ $160.0
[2026-03-25 00:02:41] [BNF] Added dummy vehicle: BNF3001 (Truck) @ $155.0
[2026-03-25 00:02:41] [BNF] Added dummy vehicle: BNF3002 (Truck) @ $165.0
[2026-03-25 00:02:41] [BNF] Added dummy vehicle: BNF3003 (Truck) @ $180.0
[2026-03-25 00:02:41] [BNF] BNF initialized with 7 unique vehicles
[2026-03-25 00:02:41] [BNF] Dummy database initialization complete. Total vehicles: 7
[2026-03-25 00:02:41] [BNF] Initializing dummy database for BNF server...
[2026-03-25 00:02:41] [BNF] Added dummy vehicle: BNF1001 (Sedan) @ $85.0
[2026-03-25 00:02:41] [BNF] Added dummy vehicle: BNF2001 (SUV) @ $135.0
[2026-03-25 00:02:41] [BNF] Added dummy vehicle: BNF2002 (SUV) @ $145.0
[2026-03-25 00:02:41] [BNF] Server started. UDP Port: 5023
[2026-03-25 00:02:41] [BNF] Added dummy vehicle: BNF2003 (SUV) @ $160.0
[2026-03-25 00:02:41] [BNF] Added dummy vehicle: BNF3001 (Truck) @ $155.0
[2026-03-25 00:02:41] [BNF] Added dummy vehicle: BNF3002 (Truck) @ $165.0
[2026-03-25 00:02:41] [BNF] Added dummy vehicle: BNF3003 (Truck) @ $180.0
[2026-03-25 00:02:41] [BNF] BNF initialized with 7 unique vehicles
[2026-03-25 00:02:41] [BNF] Dummy database initialization complete. Total vehicles: 7
[2026-03-25 00:02:41] [BNF] Server started. UDP Port: 5013
[2026-03-25 00:02:41] [BNF] Initializing dummy database for BNF server...
[2026-03-25 00:02:41] [BNF] Initializing dummy database for BNF server...
[2026-03-25 00:02:41] [BNF] Added dummy vehicle: BNF1001 (Sedan) @ $85.0
[2026-03-25 00:02:41] [BNF] Added dummy vehicle: BNF1001 (Sedan) @ $85.0
[2026-03-25 00:02:41] [BNF] Added dummy vehicle: BNF2001 (SUV) @ $135.0
[2026-03-25 00:02:41] [BNF] Added dummy vehicle: BNF2001 (SUV) @ $135.0
[2026-03-25 00:02:41] [BNF] Added dummy vehicle: BNF2002 (SUV) @ $145.0
[2026-03-25 00:02:41] [BNF] Added dummy vehicle: BNF2002 (SUV) @ $145.0
[2026-03-25 00:02:41] [BNF] Added dummy vehicle: BNF2003 (SUV) @ $160.0
[2026-03-25 00:02:41] [BNF] Added dummy vehicle: BNF2003 (SUV) @ $160.0
[2026-03-25 00:02:41] [BNF] Added dummy vehicle: BNF3001 (Truck) @ $155.0
[2026-03-25 00:02:41] [BNF] Added dummy vehicle: BNF3001 (Truck) @ $155.0
[2026-03-25 00:02:41] [BNF] Added dummy vehicle: BNF3002 (Truck) @ $165.0
[2026-03-25 00:02:41] [BNF] Added dummy vehicle: BNF3002 (Truck) @ $165.0
[2026-03-25 00:02:41] [BNF] Added dummy vehicle: BNF3003 (Truck) @ $180.0
[2026-03-25 00:02:41] [BNF] BNF initialized with 7 unique vehicles
[2026-03-25 00:02:41] [BNF] Added dummy vehicle: BNF3003 (Truck) @ $180.0
[2026-03-25 00:02:41] [BNF] Dummy database initialization complete. Total vehicles: 7
[2026-03-25 00:02:41] [BNF] BNF initialized with 7 unique vehicles
[2026-03-25 00:02:41] [BNF] Dummy database initialization complete. Total vehicles: 7
[2026-03-25 00:02:41] [BNF] Server started. UDP Port: 5033
[2026-03-25 00:02:41] [BNF] Server started. UDP Port: 5003
