[2026-03-24 19:19:31] [WPG] Initializing dummy database for WPG server...
[2026-03-24 19:19:31] [WPG] Added dummy vehicle: WPG1001 (Sedan) @ $75.0
[2026-03-24 19:19:31] [WPG] Added dummy vehicle: WPG1002 (Sedan) @ $80.0
[2026-03-24 19:19:31] [WPG] Added dummy vehicle: WPG2001 (SUV) @ $110.0
[2026-03-24 19:19:31] [WPG] Added dummy vehicle: WPG2002 (SUV) @ $115.0
[2026-03-24 19:19:31] [WPG] Added dummy vehicle: WPG2003 (SUV) @ $125.0
[2026-03-24 19:19:31] [WPG] Added dummy vehicle: WPG3001 (Truck) @ $140.0
[2026-03-24 19:19:31] [WPG] Added dummy vehicle: WPG3002 (Truck) @ $145.0
[2026-03-24 19:19:31] [WPG] WPG initialized with 7 unique vehicles
[2026-03-24 19:19:31] [WPG] Dummy database initialization complete. Total vehicles: 7
[2026-03-24 19:19:31] [WPG] Server started. UDP Port: 5002
[2026-03-24 19:20:02] [WPG] Initializing dummy database for WPG server...
[2026-03-24 19:20:02] [WPG] Added dummy vehicle: WPG1001 (Sedan) @ $75.0
[2026-03-24 19:20:02] [WPG] Added dummy vehicle: WPG1002 (Sedan) @ $80.0
[2026-03-24 19:20:02] [WPG] Added dummy vehicle: WPG2001 (SUV) @ $110.0
[2026-03-24 19:20:02] [WPG] Added dummy vehicle: WPG2002 (SUV) @ $115.0
[2026-03-24 19:20:02] [WPG] Added dummy vehicle: WPG2003 (SUV) @ $125.0
[2026-03-24 19:20:02] [WPG] Added dummy vehicle: WPG3001 (Truck) @ $140.0
[2026-03-24 19:20:02] [WPG] Added dummy vehicle: WPG3002 (Truck) @ $145.0
[2026-03-24 19:20:02] [WPG] WPG initialized with 7 unique vehicles
[2026-03-24 19:20:02] [WPG] Dummy database initialization complete. Total vehicles: 7
[2026-03-24 19:20:02] [WPG] Server started. UDP Port: 5002
[2026-03-24 19:29:35] [WPG] Initializing dummy database for WPG server...
[2026-03-24 19:29:35] [WPG] Added dummy vehicle: WPG1001 (Sedan) @ $75.0
[2026-03-24 19:29:35] [WPG] Added dummy vehicle: WPG1002 (Sedan) @ $80.0
[2026-03-24 19:29:35] [WPG] Added dummy vehicle: WPG2001 (SUV) @ $110.0
[2026-03-24 19:29:35] [WPG] Added dummy vehicle: WPG2002 (SUV) @ $115.0
[2026-03-24 19:29:35] [WPG] Added dummy vehicle: WPG2003 (SUV) @ $125.0
[2026-03-24 19:29:35] [WPG] Added dummy vehicle: WPG3001 (Truck) @ $140.0
[2026-03-24 19:29:35] [WPG] Added dummy vehicle: WPG3002 (Truck) @ $145.0
[2026-03-24 19:29:35] [WPG] WPG initialized with 7 unique vehicles
[2026-03-24 19:29:35] [WPG] Dummy database initialization complete. Total vehicles: 7
[2026-03-24 19:29:35] [WPG] Server started. UDP Port: 5002
[2026-03-24 20:22:37] [WPG] Initializing dummy database for WPG server...
[2026-03-24 20:22:37] [WPG] Added dummy vehicle: WPG1001 (Sedan) @ $75.0
[2026-03-24 20:22:37] [WPG] Initializing dummy database for WPG server...
[2026-03-24 20:22:37] [WPG] Added dummy vehicle: WPG1002 (Sedan) @ $80.0
[2026-03-24 20:22:37] [WPG] Added dummy vehicle: WPG1001 (Sedan) @ $75.0
[2026-03-24 20:22:37] [WPG] Added dummy vehicle: WPG1002 (Sedan) @ $80.0
[2026-03-24 20:22:37] [WPG] Added dummy vehicle: WPG2001 (SUV) @ $110.0
[2026-03-24 20:22:37] [WPG] Added dummy vehicle: WPG2002 (SUV) @ $115.0
[2026-03-24 20:22:37] [WPG] Added dummy vehicle: WPG2001 (SUV) @ $110.0
[2026-03-24 20:22:37] [WPG] Added dummy vehicle: WPG2002 (SUV) @ $115.0
[2026-03-24 20:22:37] [WPG] Added dummy vehicle: WPG2003 (SUV) @ $125.0
[2026-03-24 20:22:37] [WPG] Added dummy vehicle: WPG2003 (SUV) @ $125.0
[2026-03-24 20:22:37] [WPG] Added dummy vehicle: WPG3001 (Truck) @ $140.0
[2026-03-24 20:22:37] [WPG] Added dummy vehicle: WPG3001 (Truck) @ $140.0
[2026-03-24 20:22:37] [WPG] Added dummy vehicle: WPG3002 (Truck) @ $145.0
[2026-03-24 20:22:37] [WPG] Added dummy vehicle: WPG3002 (Truck) @ $145.0
[2026-03-24 20:22:37] [WPG] WPG initialized with 7 unique vehicles
[2026-03-24 20:22:37] [WPG] Initializing dummy database for WPG server...
[2026-03-24 20:22:37] [WPG] WPG initialized with 7 unique vehicles
[2026-03-24 20:22:37] [WPG] Added dummy vehicle: WPG1001 (Sedan) @ $75.0
[2026-03-24 20:22:37] [WPG] Dummy database initialization complete. Total vehicles: 7
[2026-03-24 20:22:37] [WPG] Dummy database initialization complete. Total vehicles: 7
[2026-03-24 20:22:37] [WPG] Added dummy vehicle: WPG1002 (Sedan) @ $80.0
[2026-03-24 20:22:37] [WPG] Server started. UDP Port: 5002
[2026-03-24 20:22:37] [WPG] Added dummy vehicle: WPG2001 (SUV) @ $110.0
[2026-03-24 20:22:37] [WPG] Added dummy vehicle: WPG2002 (SUV) @ $115.0
[2026-03-24 20:22:37] [WPG] Added dummy vehicle: WPG2003 (SUV) @ $125.0
[2026-03-24 20:22:37] [WPG] Added dummy vehicle: WPG3001 (Truck) @ $140.0
[2026-03-24 20:22:37] [WPG] Added dummy vehicle: WPG3002 (Truck) @ $145.0
[2026-03-24 20:22:37] [WPG] WPG initialized with 7 unique vehicles
[2026-03-24 20:22:37] [WPG] Dummy database initialization complete. Total vehicles: 7
[2026-03-24 20:22:37] [WPG] Initializing dummy database for WPG server...
[2026-03-24 20:22:37] [WPG] Added dummy vehicle: WPG1001 (Sedan) @ $75.0
[2026-03-24 20:22:37] [WPG] Added dummy vehicle: WPG1002 (Sedan) @ $80.0
[2026-03-24 20:22:37] [WPG] Added dummy vehicle: WPG2001 (SUV) @ $110.0
[2026-03-24 20:22:37] [WPG] Added dummy vehicle: WPG2002 (SUV) @ $115.0
[2026-03-24 20:22:37] [WPG] Added dummy vehicle: WPG2003 (SUV) @ $125.0
[2026-03-24 20:22:37] [WPG] Added dummy vehicle: WPG3001 (Truck) @ $140.0
[2026-03-24 20:22:37] [WPG] Server started. UDP Port: 5012
[2026-03-24 20:22:37] [WPG] Added dummy vehicle: WPG3002 (Truck) @ $145.0
[2026-03-24 20:22:37] [WPG] WPG initialized with 7 unique vehicles
[2026-03-24 20:22:37] [WPG] Dummy database initialization complete. Total vehicles: 7
[2026-03-24 20:22:37] [WPG] Server started. UDP Port: 5032
[2026-03-24 20:22:38] [WPG] Server started. UDP Port: 5022
[2026-03-24 20:22:38] [WPG] Initializing dummy database for WPG server...
[2026-03-24 20:22:38] [WPG] Added dummy vehicle: WPG1001 (Sedan) @ $75.0
[2026-03-24 20:22:38] [WPG] Added dummy vehicle: WPG1002 (Sedan) @ $80.0
[2026-03-24 20:22:38] [WPG] Added dummy vehicle: WPG2001 (SUV) @ $110.0
[2026-03-24 20:22:38] [WPG] Added dummy vehicle: WPG2002 (SUV) @ $115.0
[2026-03-24 20:22:38] [WPG] Initializing dummy database for WPG server...
[2026-03-24 20:22:38] [WPG] Added dummy vehicle: WPG2003 (SUV) @ $125.0
[2026-03-24 20:22:38] [WPG] Added dummy vehicle: WPG1001 (Sedan) @ $75.0
[2026-03-24 20:22:38] [WPG] Added dummy vehicle: WPG1002 (Sedan) @ $80.0
[2026-03-24 20:22:38] [WPG] Added dummy vehicle: WPG3001 (Truck) @ $140.0
[2026-03-24 20:22:38] [WPG] Added dummy vehicle: WPG2001 (SUV) @ $110.0
[2026-03-24 20:22:38] [WPG] Added dummy vehicle: WPG3002 (Truck) @ $145.0
[2026-03-24 20:22:38] [WPG] Added dummy vehicle: WPG2002 (SUV) @ $115.0
[2026-03-24 20:22:38] [WPG] WPG initialized with 7 unique vehicles
[2026-03-24 20:22:38] [WPG] Dummy database initialization complete. Total vehicles: 7
[2026-03-24 20:22:38] [WPG] Added dummy vehicle: WPG2003 (SUV) @ $125.0
[2026-03-24 20:22:38] [WPG] Added dummy vehicle: WPG3001 (Truck) @ $140.0
[2026-03-24 20:22:38] [WPG] Added dummy vehicle: WPG3002 (Truck) @ $145.0
[2026-03-24 20:22:38] [WPG] WPG initialized with 7 unique vehicles
[2026-03-24 20:22:38] [WPG] Dummy database initialization complete. Total vehicles: 7
[2026-03-24 20:22:38] [WPG] Server started. UDP Port: 5002
[2026-03-24 20:22:38] [WPG] Initializing dummy database for WPG server...
[2026-03-24 20:22:38] [WPG] Server started. UDP Port: 5032
[2026-03-24 20:22:38] [WPG] Added dummy vehicle: WPG1001 (Sedan) @ $75.0
[2026-03-24 20:22:38] [WPG] Added dummy vehicle: WPG1002 (Sedan) @ $80.0
[2026-03-24 20:22:38] [WPG] Added dummy vehicle: WPG2001 (SUV) @ $110.0
[2026-03-24 20:22:38] [WPG] Added dummy vehicle: WPG2002 (SUV) @ $115.0
[2026-03-24 20:22:38] [WPG] Added dummy vehicle: WPG2003 (SUV) @ $125.0
[2026-03-24 20:22:38] [WPG] Added dummy vehicle: WPG3001 (Truck) @ $140.0
[2026-03-24 20:22:38] [WPG] Added dummy vehicle: WPG3002 (Truck) @ $145.0
[2026-03-24 20:22:38] [WPG] WPG initialized with 7 unique vehicles
[2026-03-24 20:22:38] [WPG] Dummy database initialization complete. Total vehicles: 7
[2026-03-24 20:22:38] [WPG] Server started. UDP Port: 5022
[2026-03-24 20:22:38] [WPG] Initializing dummy database for WPG server...
[2026-03-24 20:22:38] [WPG] Added dummy vehicle: WPG1001 (Sedan) @ $75.0
[2026-03-24 20:22:38] [WPG] Added dummy vehicle: WPG1002 (Sedan) @ $80.0
[2026-03-24 20:22:38] [WPG] Added dummy vehicle: WPG2001 (SUV) @ $110.0
[2026-03-24 20:22:38] [WPG] Added dummy vehicle: WPG2002 (SUV) @ $115.0
[2026-03-24 20:22:38] [WPG] Added dummy vehicle: WPG2003 (SUV) @ $125.0
[2026-03-24 20:22:38] [WPG] Added dummy vehicle: WPG3001 (Truck) @ $140.0
[2026-03-24 20:22:38] [WPG] Added dummy vehicle: WPG3002 (Truck) @ $145.0
[2026-03-24 20:22:38] [WPG] WPG initialized with 7 unique vehicles
[2026-03-24 20:22:38] [WPG] Dummy database initialization complete. Total vehicles: 7
[2026-03-24 20:22:38] [WPG] Server started. UDP Port: 5012
[2026-03-24 20:25:43] [WPG] Initializing dummy database for WPG server...
[2026-03-24 20:25:43] [WPG] Added dummy vehicle: WPG1001 (Sedan) @ $75.0
[2026-03-24 20:25:43] [WPG] Initializing dummy database for WPG server...
[2026-03-24 20:25:43] [WPG] Added dummy vehicle: WPG1002 (Sedan) @ $80.0
[2026-03-24 20:25:43] [WPG] Added dummy vehicle: WPG1001 (Sedan) @ $75.0
[2026-03-24 20:25:43] [WPG] Added dummy vehicle: WPG1002 (Sedan) @ $80.0
[2026-03-24 20:25:43] [WPG] Added dummy vehicle: WPG2001 (SUV) @ $110.0
[2026-03-24 20:25:43] [WPG] Added dummy vehicle: WPG2001 (SUV) @ $110.0
[2026-03-24 20:25:43] [WPG] Initializing dummy database for WPG server...
[2026-03-24 20:25:43] [WPG] Added dummy vehicle: WPG2002 (SUV) @ $115.0
[2026-03-24 20:25:43] [WPG] Added dummy vehicle: WPG2002 (SUV) @ $115.0
[2026-03-24 20:25:43] [WPG] Added dummy vehicle: WPG1001 (Sedan) @ $75.0
[2026-03-24 20:25:43] [WPG] Added dummy vehicle: WPG2003 (SUV) @ $125.0
[2026-03-24 20:25:43] [WPG] Added dummy vehicle: WPG1002 (Sedan) @ $80.0
[2026-03-24 20:25:43] [WPG] Initializing dummy database for WPG server...
[2026-03-24 20:25:43] [WPG] Added dummy vehicle: WPG3001 (Truck) @ $140.0
[2026-03-24 20:25:43] [WPG] Added dummy vehicle: WPG2001 (SUV) @ $110.0
[2026-03-24 20:25:43] [WPG] Added dummy vehicle: WPG2002 (SUV) @ $115.0
[2026-03-24 20:25:43] [WPG] Added dummy vehicle: WPG1001 (Sedan) @ $75.0
[2026-03-24 20:25:43] [WPG] Added dummy vehicle: WPG2003 (SUV) @ $125.0
[2026-03-24 20:25:43] [WPG] Added dummy vehicle: WPG2003 (SUV) @ $125.0
[2026-03-24 20:25:43] [WPG] Added dummy vehicle: WPG1002 (Sedan) @ $80.0
[2026-03-24 20:25:43] [WPG] Added dummy vehicle: WPG3001 (Truck) @ $140.0
[2026-03-24 20:25:43] [WPG] Added dummy vehicle: WPG3002 (Truck) @ $145.0
[2026-03-24 20:25:43] [WPG] Added dummy vehicle: WPG3002 (Truck) @ $145.0
[2026-03-24 20:25:43] [WPG] Added dummy vehicle: WPG2001 (SUV) @ $110.0
[2026-03-24 20:25:43] [WPG] WPG initialized with 7 unique vehicles
[2026-03-24 20:25:43] [WPG] Added dummy vehicle: WPG2002 (SUV) @ $115.0
[2026-03-24 20:25:43] [WPG] Added dummy vehicle: WPG3001 (Truck) @ $140.0
[2026-03-24 20:25:43] [WPG] Added dummy vehicle: WPG2003 (SUV) @ $125.0
[2026-03-24 20:25:43] [WPG] WPG initialized with 7 unique vehicles
[2026-03-24 20:25:43] [WPG] Dummy database initialization complete. Total vehicles: 7
[2026-03-24 20:25:43] [WPG] Dummy database initialization complete. Total vehicles: 7
[2026-03-24 20:25:43] [WPG] Added dummy vehicle: WPG3001 (Truck) @ $140.0
[2026-03-24 20:25:43] [WPG] Added dummy vehicle: WPG3002 (Truck) @ $145.0
[2026-03-24 20:25:43] [WPG] Added dummy vehicle: WPG3002 (Truck) @ $145.0
[2026-03-24 20:25:43] [WPG] WPG initialized with 7 unique vehicles
[2026-03-24 20:25:43] [WPG] WPG initialized with 7 unique vehicles
[2026-03-24 20:25:43] [WPG] Dummy database initialization complete. Total vehicles: 7
[2026-03-24 20:25:43] [WPG] Dummy database initialization complete. Total vehicles: 7
[2026-03-24 20:25:43] [WPG] Server started. UDP Port: 5012
[2026-03-24 20:25:43] [WPG] Server started. UDP Port: 5022
[2026-03-24 20:25:43] [WPG] Server started. UDP Port: 5002
[2026-03-24 20:25:43] [WPG] Server started. UDP Port: 5032
[2026-03-24 20:25:43] [WPG] Initializing dummy database for WPG server...
[2026-03-24 20:25:43] [WPG] Added dummy vehicle: WPG1001 (Sedan) @ $75.0
[2026-03-24 20:25:43] [WPG] Added dummy vehicle: WPG1002 (Sedan) @ $80.0
[2026-03-24 20:25:43] [WPG] Added dummy vehicle: WPG2001 (SUV) @ $110.0
[2026-03-24 20:25:43] [WPG] Added dummy vehicle: WPG2002 (SUV) @ $115.0
[2026-03-24 20:25:43] [WPG] Added dummy vehicle: WPG2003 (SUV) @ $125.0
[2026-03-24 20:25:43] [WPG] Added dummy vehicle: WPG3001 (Truck) @ $140.0
[2026-03-24 20:25:43] [WPG] Added dummy vehicle: WPG3002 (Truck) @ $145.0
[2026-03-24 20:25:43] [WPG] WPG initialized with 7 unique vehicles
[2026-03-24 20:25:43] [WPG] Initializing dummy database for WPG server...
[2026-03-24 20:25:43] [WPG] Added dummy vehicle: WPG1001 (Sedan) @ $75.0
[2026-03-24 20:25:43] [WPG] Dummy database initialization complete. Total vehicles: 7
[2026-03-24 20:25:43] [WPG] Added dummy vehicle: WPG1002 (Sedan) @ $80.0
[2026-03-24 20:25:43] [WPG] Added dummy vehicle: WPG2001 (SUV) @ $110.0
[2026-03-24 20:25:43] [WPG] Added dummy vehicle: WPG2002 (SUV) @ $115.0
[2026-03-24 20:25:43] [WPG] Added dummy vehicle: WPG2003 (SUV) @ $125.0
[2026-03-24 20:25:43] [WPG] Server started. UDP Port: 5022
[2026-03-24 20:25:43] [WPG] Added dummy vehicle: WPG3001 (Truck) @ $140.0
[2026-03-24 20:25:43] [WPG] Initializing dummy database for WPG server...
[2026-03-24 20:25:43] [WPG] Added dummy vehicle: WPG1001 (Sedan) @ $75.0
[2026-03-24 20:25:43] [WPG] Added dummy vehicle: WPG1002 (Sedan) @ $80.0
[2026-03-24 20:25:43] [WPG] Added dummy vehicle: WPG3002 (Truck) @ $145.0
[2026-03-24 20:25:43] [WPG] Added dummy vehicle: WPG2001 (SUV) @ $110.0
[2026-03-24 20:25:43] [WPG] WPG initialized with 7 unique vehicles
[2026-03-24 20:25:43] [WPG] Added dummy vehicle: WPG2002 (SUV) @ $115.0
[2026-03-24 20:25:43] [WPG] Dummy database initialization complete. Total vehicles: 7
[2026-03-24 20:25:43] [WPG] Added dummy vehicle: WPG2003 (SUV) @ $125.0
[2026-03-24 20:25:43] [WPG] Server started. UDP Port: 5012
[2026-03-24 20:25:43] [WPG] Added dummy vehicle: WPG3001 (Truck) @ $140.0
[2026-03-24 20:25:43] [WPG] Added dummy vehicle: WPG3002 (Truck) @ $145.0
[2026-03-24 20:25:43] [WPG] WPG initialized with 7 unique vehicles
[2026-03-24 20:25:43] [WPG] Dummy database initialization complete. Total vehicles: 7
[2026-03-24 20:25:43] [WPG] Server started. UDP Port: 5032
[2026-03-24 20:25:43] [WPG] Initializing dummy database for WPG server...
[2026-03-24 20:25:43] [WPG] Added dummy vehicle: WPG1001 (Sedan) @ $75.0
[2026-03-24 20:25:43] [WPG] Added dummy vehicle: WPG1002 (Sedan) @ $80.0
[2026-03-24 20:25:43] [WPG] Added dummy vehicle: WPG2001 (SUV) @ $110.0
[2026-03-24 20:25:43] [WPG] Added dummy vehicle: WPG2002 (SUV) @ $115.0
[2026-03-24 20:25:43] [WPG] Added dummy vehicle: WPG2003 (SUV) @ $125.0
[2026-03-24 20:25:43] [WPG] Added dummy vehicle: WPG3001 (Truck) @ $140.0
[2026-03-24 20:25:43] [WPG] Added dummy vehicle: WPG3002 (Truck) @ $145.0
[2026-03-24 20:25:43] [WPG] WPG initialized with 7 unique vehicles
[2026-03-24 20:25:43] [WPG] Dummy database initialization complete. Total vehicles: 7
[2026-03-24 20:25:43] [WPG] Server started. UDP Port: 5002
[2026-03-24 20:30:32] [WPG] Initializing dummy database for WPG server...
[2026-03-24 20:30:32] [WPG] Added dummy vehicle: WPG1001 (Sedan) @ $75.0
[2026-03-24 20:30:32] [WPG] Added dummy vehicle: WPG1002 (Sedan) @ $80.0
[2026-03-24 20:30:32] [WPG] Added dummy vehicle: WPG2001 (SUV) @ $110.0
[2026-03-24 20:30:32] [WPG] Added dummy vehicle: WPG2002 (SUV) @ $115.0
[2026-03-24 20:30:32] [WPG] Added dummy vehicle: WPG2003 (SUV) @ $125.0
[2026-03-24 20:30:32] [WPG] Added dummy vehicle: WPG3001 (Truck) @ $140.0
[2026-03-24 20:30:32] [WPG] Added dummy vehicle: WPG3002 (Truck) @ $145.0
[2026-03-24 20:30:32] [WPG] WPG initialized with 7 unique vehicles
[2026-03-24 20:30:32] [WPG] Dummy database initialization complete. Total vehicles: 7
[2026-03-24 20:30:32] [WPG] Server started. UDP Port: 5002
[2026-03-24 20:32:22] [WPG] Initializing dummy database for WPG server...
[2026-03-24 20:32:22] [WPG] Added dummy vehicle: WPG1001 (Sedan) @ $75.0
[2026-03-24 20:32:22] [WPG] Added dummy vehicle: WPG1002 (Sedan) @ $80.0
[2026-03-24 20:32:22] [WPG] Added dummy vehicle: WPG2001 (SUV) @ $110.0
[2026-03-24 20:32:22] [WPG] Added dummy vehicle: WPG2002 (SUV) @ $115.0
[2026-03-24 20:32:22] [WPG] Added dummy vehicle: WPG2003 (SUV) @ $125.0
[2026-03-24 20:32:22] [WPG] Added dummy vehicle: WPG3001 (Truck) @ $140.0
[2026-03-24 20:32:22] [WPG] Added dummy vehicle: WPG3002 (Truck) @ $145.0
[2026-03-24 20:32:22] [WPG] WPG initialized with 7 unique vehicles
[2026-03-24 20:32:22] [WPG] Dummy database initialization complete. Total vehicles: 7
[2026-03-24 20:32:22] [WPG] Server started. UDP Port: 5002
[2026-03-24 20:32:36] [WPG] Initializing dummy database for WPG server...
[2026-03-24 20:32:36] [WPG] Added dummy vehicle: WPG1001 (Sedan) @ $75.0
[2026-03-24 20:32:36] [WPG] Added dummy vehicle: WPG1002 (Sedan) @ $80.0
[2026-03-24 20:32:36] [WPG] Added dummy vehicle: WPG2001 (SUV) @ $110.0
[2026-03-24 20:32:36] [WPG] Added dummy vehicle: WPG2002 (SUV) @ $115.0
[2026-03-24 20:32:36] [WPG] Added dummy vehicle: WPG2003 (SUV) @ $125.0
[2026-03-24 20:32:36] [WPG] Added dummy vehicle: WPG3001 (Truck) @ $140.0
[2026-03-24 20:32:36] [WPG] Added dummy vehicle: WPG3002 (Truck) @ $145.0
[2026-03-24 20:32:36] [WPG] WPG initialized with 7 unique vehicles
[2026-03-24 20:32:36] [WPG] Dummy database initialization complete. Total vehicles: 7
[2026-03-24 20:32:36] [WPG] Server started. UDP Port: 5012
[2026-03-24 20:32:47] [WPG] Initializing dummy database for WPG server...
[2026-03-24 20:32:47] [WPG] Added dummy vehicle: WPG1001 (Sedan) @ $75.0
[2026-03-24 20:32:47] [WPG] Added dummy vehicle: WPG1002 (Sedan) @ $80.0
[2026-03-24 20:32:47] [WPG] Added dummy vehicle: WPG2001 (SUV) @ $110.0
[2026-03-24 20:32:47] [WPG] Added dummy vehicle: WPG2002 (SUV) @ $115.0
[2026-03-24 20:32:47] [WPG] Added dummy vehicle: WPG2003 (SUV) @ $125.0
[2026-03-24 20:32:47] [WPG] Added dummy vehicle: WPG3001 (Truck) @ $140.0
[2026-03-24 20:32:47] [WPG] Added dummy vehicle: WPG3002 (Truck) @ $145.0
[2026-03-24 20:32:47] [WPG] WPG initialized with 7 unique vehicles
[2026-03-24 20:32:47] [WPG] Dummy database initialization complete. Total vehicles: 7
[2026-03-24 20:32:47] [WPG] Server started. UDP Port: 5022
[2026-03-24 20:32:53] [WPG] Initializing dummy database for WPG server...
[2026-03-24 20:32:53] [WPG] Added dummy vehicle: WPG1001 (Sedan) @ $75.0
[2026-03-24 20:32:53] [WPG] Added dummy vehicle: WPG1002 (Sedan) @ $80.0
[2026-03-24 20:32:53] [WPG] Added dummy vehicle: WPG2001 (SUV) @ $110.0
[2026-03-24 20:32:53] [WPG] Added dummy vehicle: WPG2002 (SUV) @ $115.0
[2026-03-24 20:32:53] [WPG] Added dummy vehicle: WPG2003 (SUV) @ $125.0
[2026-03-24 20:32:53] [WPG] Added dummy vehicle: WPG3001 (Truck) @ $140.0
[2026-03-24 20:32:53] [WPG] Added dummy vehicle: WPG3002 (Truck) @ $145.0
[2026-03-24 20:32:53] [WPG] WPG initialized with 7 unique vehicles
[2026-03-24 20:32:53] [WPG] Dummy database initialization complete. Total vehicles: 7
[2026-03-24 20:32:53] [WPG] Server started. UDP Port: 5032
[2026-03-24 20:33:53] [WPG] Initializing dummy database for WPG server...
[2026-03-24 20:33:53] [WPG] Initializing dummy database for WPG server...
[2026-03-24 20:33:53] [WPG] Added dummy vehicle: WPG1001 (Sedan) @ $75.0
[2026-03-24 20:33:53] [WPG] Added dummy vehicle: WPG1001 (Sedan) @ $75.0
[2026-03-24 20:33:53] [WPG] Added dummy vehicle: WPG1002 (Sedan) @ $80.0
[2026-03-24 20:33:53] [WPG] Added dummy vehicle: WPG2001 (SUV) @ $110.0
[2026-03-24 20:33:53] [WPG] Initializing dummy database for WPG server...
[2026-03-24 20:33:53] [WPG] Added dummy vehicle: WPG1001 (Sedan) @ $75.0
[2026-03-24 20:33:53] [WPG] Added dummy vehicle: WPG1002 (Sedan) @ $80.0
[2026-03-24 20:33:53] [WPG] Added dummy vehicle: WPG1002 (Sedan) @ $80.0
[2026-03-24 20:33:53] [WPG] Added dummy vehicle: WPG2001 (SUV) @ $110.0
[2026-03-24 20:33:53] [WPG] Added dummy vehicle: WPG2002 (SUV) @ $115.0
[2026-03-24 20:33:53] [WPG] Added dummy vehicle: WPG2002 (SUV) @ $115.0
[2026-03-24 20:33:53] [WPG] Initializing dummy database for WPG server...
[2026-03-24 20:33:53] [WPG] Added dummy vehicle: WPG2001 (SUV) @ $110.0
[2026-03-24 20:33:53] [WPG] Added dummy vehicle: WPG2002 (SUV) @ $115.0
[2026-03-24 20:33:53] [WPG] Added dummy vehicle: WPG2003 (SUV) @ $125.0
[2026-03-24 20:33:53] [WPG] Added dummy vehicle: WPG2003 (SUV) @ $125.0
[2026-03-24 20:33:53] [WPG] Added dummy vehicle: WPG2003 (SUV) @ $125.0
[2026-03-24 20:33:53] [WPG] Added dummy vehicle: WPG1001 (Sedan) @ $75.0
[2026-03-24 20:33:53] [WPG] Added dummy vehicle: WPG3001 (Truck) @ $140.0
[2026-03-24 20:33:53] [WPG] Added dummy vehicle: WPG3001 (Truck) @ $140.0
[2026-03-24 20:33:53] [WPG] Added dummy vehicle: WPG1002 (Sedan) @ $80.0
[2026-03-24 20:33:53] [WPG] Added dummy vehicle: WPG3001 (Truck) @ $140.0
[2026-03-24 20:33:53] [WPG] Added dummy vehicle: WPG3002 (Truck) @ $145.0
[2026-03-24 20:33:53] [WPG] WPG initialized with 7 unique vehicles
[2026-03-24 20:33:53] [WPG] Added dummy vehicle: WPG3002 (Truck) @ $145.0
[2026-03-24 20:33:53] [WPG] Added dummy vehicle: WPG2001 (SUV) @ $110.0
[2026-03-24 20:33:53] [WPG] Dummy database initialization complete. Total vehicles: 7
[2026-03-24 20:33:53] [WPG] Added dummy vehicle: WPG3002 (Truck) @ $145.0
[2026-03-24 20:33:53] [WPG] Added dummy vehicle: WPG2002 (SUV) @ $115.0
[2026-03-24 20:33:53] [WPG] WPG initialized with 7 unique vehicles
[2026-03-24 20:33:53] [WPG] Added dummy vehicle: WPG2003 (SUV) @ $125.0
[2026-03-24 20:33:53] [WPG] Dummy database initialization complete. Total vehicles: 7
[2026-03-24 20:33:53] [WPG] Added dummy vehicle: WPG3001 (Truck) @ $140.0
[2026-03-24 20:33:53] [WPG] WPG initialized with 7 unique vehicles
[2026-03-24 20:33:53] [WPG] Server started. UDP Port: 5032
[2026-03-24 20:33:53] [WPG] Added dummy vehicle: WPG3002 (Truck) @ $145.0
[2026-03-24 20:33:53] [WPG] Dummy database initialization complete. Total vehicles: 7
[2026-03-24 20:33:53] [WPG] WPG initialized with 7 unique vehicles
[2026-03-24 20:33:53] [WPG] Dummy database initialization complete. Total vehicles: 7
[2026-03-24 20:33:53] [WPG] Server started. UDP Port: 5022
[2026-03-24 20:33:53] [WPG] Server started. UDP Port: 5002
[2026-03-24 20:33:53] [WPG] Server started. UDP Port: 5012
[2026-03-24 20:33:53] [WPG] Initializing dummy database for WPG server...
[2026-03-24 20:33:53] [WPG] Initializing dummy database for WPG server...
[2026-03-24 20:33:53] [WPG] Added dummy vehicle: WPG1001 (Sedan) @ $75.0
[2026-03-24 20:33:53] [WPG] Added dummy vehicle: WPG1001 (Sedan) @ $75.0
[2026-03-24 20:33:53] [WPG] Added dummy vehicle: WPG1002 (Sedan) @ $80.0
[2026-03-24 20:33:53] [WPG] Added dummy vehicle: WPG2001 (SUV) @ $110.0
[2026-03-24 20:33:53] [WPG] Added dummy vehicle: WPG2002 (SUV) @ $115.0
[2026-03-24 20:33:53] [WPG] Added dummy vehicle: WPG2003 (SUV) @ $125.0
[2026-03-24 20:33:53] [WPG] Added dummy vehicle: WPG1002 (Sedan) @ $80.0
[2026-03-24 20:33:53] [WPG] Added dummy vehicle: WPG3001 (Truck) @ $140.0
[2026-03-24 20:33:53] [WPG] Added dummy vehicle: WPG2001 (SUV) @ $110.0
[2026-03-24 20:33:53] [WPG] Added dummy vehicle: WPG2002 (SUV) @ $115.0
[2026-03-24 20:33:53] [WPG] Added dummy vehicle: WPG3002 (Truck) @ $145.0
[2026-03-24 20:33:53] [WPG] Added dummy vehicle: WPG2003 (SUV) @ $125.0
[2026-03-24 20:33:53] [WPG] Added dummy vehicle: WPG3001 (Truck) @ $140.0
[2026-03-24 20:33:53] [WPG] WPG initialized with 7 unique vehicles
[2026-03-24 20:33:53] [WPG] Added dummy vehicle: WPG3002 (Truck) @ $145.0
[2026-03-24 20:33:53] [WPG] WPG initialized with 7 unique vehicles
[2026-03-24 20:33:53] [WPG] Dummy database initialization complete. Total vehicles: 7
[2026-03-24 20:33:53] [WPG] Dummy database initialization complete. Total vehicles: 7
[2026-03-24 20:33:53] [WPG] Server started. UDP Port: 5002
[2026-03-24 20:33:53] [WPG] Server started. UDP Port: 5032
[2026-03-24 20:33:53] [WPG] Initializing dummy database for WPG server...
[2026-03-24 20:33:53] [WPG] Added dummy vehicle: WPG1001 (Sedan) @ $75.0
[2026-03-24 20:33:53] [WPG] Added dummy vehicle: WPG1002 (Sedan) @ $80.0
[2026-03-24 20:33:53] [WPG] Added dummy vehicle: WPG2001 (SUV) @ $110.0
[2026-03-24 20:33:53] [WPG] Added dummy vehicle: WPG2002 (SUV) @ $115.0
[2026-03-24 20:33:53] [WPG] Added dummy vehicle: WPG2003 (SUV) @ $125.0
[2026-03-24 20:33:53] [WPG] Added dummy vehicle: WPG3001 (Truck) @ $140.0
[2026-03-24 20:33:53] [WPG] Added dummy vehicle: WPG3002 (Truck) @ $145.0
[2026-03-24 20:33:53] [WPG] WPG initialized with 7 unique vehicles
[2026-03-24 20:33:53] [WPG] Dummy database initialization complete. Total vehicles: 7
[2026-03-24 20:33:53] [WPG] Server started. UDP Port: 5012
[2026-03-24 20:33:53] [WPG] Initializing dummy database for WPG server...
[2026-03-24 20:33:53] [WPG] Added dummy vehicle: WPG1001 (Sedan) @ $75.0
[2026-03-24 20:33:53] [WPG] Added dummy vehicle: WPG1002 (Sedan) @ $80.0
[2026-03-24 20:33:53] [WPG] Added dummy vehicle: WPG2001 (SUV) @ $110.0
[2026-03-24 20:33:53] [WPG] Added dummy vehicle: WPG2002 (SUV) @ $115.0
[2026-03-24 20:33:53] [WPG] Added dummy vehicle: WPG2003 (SUV) @ $125.0
[2026-03-24 20:33:53] [WPG] Added dummy vehicle: WPG3001 (Truck) @ $140.0
[2026-03-24 20:33:53] [WPG] Added dummy vehicle: WPG3002 (Truck) @ $145.0
[2026-03-24 20:33:53] [WPG] WPG initialized with 7 unique vehicles
[2026-03-24 20:33:53] [WPG] Dummy database initialization complete. Total vehicles: 7
[2026-03-24 20:33:53] [WPG] Server started. UDP Port: 5022
[2026-03-24 20:39:40] [WPG] Initializing dummy database for WPG server...
[2026-03-24 20:39:40] [WPG] Added dummy vehicle: WPG1001 (Sedan) @ $75.0
[2026-03-24 20:39:40] [WPG] Initializing dummy database for WPG server...
[2026-03-24 20:39:40] [WPG] Added dummy vehicle: WPG1002 (Sedan) @ $80.0
[2026-03-24 20:39:40] [WPG] Added dummy vehicle: WPG1001 (Sedan) @ $75.0
[2026-03-24 20:39:40] [WPG] Added dummy vehicle: WPG2001 (SUV) @ $110.0
[2026-03-24 20:39:40] [WPG] Added dummy vehicle: WPG1002 (Sedan) @ $80.0
[2026-03-24 20:39:40] [WPG] Added dummy vehicle: WPG2002 (SUV) @ $115.0
[2026-03-24 20:39:40] [WPG] Added dummy vehicle: WPG2001 (SUV) @ $110.0
[2026-03-24 20:39:40] [WPG] Added dummy vehicle: WPG2002 (SUV) @ $115.0
[2026-03-24 20:39:40] [WPG] Added dummy vehicle: WPG2003 (SUV) @ $125.0
[2026-03-24 20:39:40] [WPG] Added dummy vehicle: WPG2003 (SUV) @ $125.0
[2026-03-24 20:39:40] [WPG] Added dummy vehicle: WPG3001 (Truck) @ $140.0
[2026-03-24 20:39:40] [WPG] Added dummy vehicle: WPG3002 (Truck) @ $145.0
[2026-03-24 20:39:40] [WPG] WPG initialized with 7 unique vehicles
[2026-03-24 20:39:40] [WPG] Dummy database initialization complete. Total vehicles: 7
[2026-03-24 20:39:40] [WPG] Initializing dummy database for WPG server...
[2026-03-24 20:39:40] [WPG] Added dummy vehicle: WPG1001 (Sedan) @ $75.0
[2026-03-24 20:39:40] [WPG] Added dummy vehicle: WPG3001 (Truck) @ $140.0
[2026-03-24 20:39:40] [WPG] Added dummy vehicle: WPG1002 (Sedan) @ $80.0
[2026-03-24 20:39:40] [WPG] Added dummy vehicle: WPG3002 (Truck) @ $145.0
[2026-03-24 20:39:40] [WPG] Added dummy vehicle: WPG2001 (SUV) @ $110.0
[2026-03-24 20:39:40] [WPG] WPG initialized with 7 unique vehicles
[2026-03-24 20:39:40] [WPG] Server started. UDP Port: 5032
[2026-03-24 20:39:40] [WPG] Added dummy vehicle: WPG2002 (SUV) @ $115.0
[2026-03-24 20:39:40] [WPG] Added dummy vehicle: WPG2003 (SUV) @ $125.0
[2026-03-24 20:39:40] [WPG] Added dummy vehicle: WPG3001 (Truck) @ $140.0
[2026-03-24 20:39:40] [WPG] Dummy database initialization complete. Total vehicles: 7
[2026-03-24 20:39:40] [WPG] Added dummy vehicle: WPG3002 (Truck) @ $145.0
[2026-03-24 20:39:40] [WPG] Initializing dummy database for WPG server...
[2026-03-24 20:39:40] [WPG] Added dummy vehicle: WPG1001 (Sedan) @ $75.0
[2026-03-24 20:39:40] [WPG] Added dummy vehicle: WPG1002 (Sedan) @ $80.0
[2026-03-24 20:39:40] [WPG] Added dummy vehicle: WPG2001 (SUV) @ $110.0
[2026-03-24 20:39:40] [WPG] Added dummy vehicle: WPG2002 (SUV) @ $115.0
[2026-03-24 20:39:40] [WPG] Added dummy vehicle: WPG2003 (SUV) @ $125.0
[2026-03-24 20:39:40] [WPG] Added dummy vehicle: WPG3001 (Truck) @ $140.0
[2026-03-24 20:39:40] [WPG] Added dummy vehicle: WPG3002 (Truck) @ $145.0
[2026-03-24 20:39:40] [WPG] WPG initialized with 7 unique vehicles
[2026-03-24 20:39:40] [WPG] Dummy database initialization complete. Total vehicles: 7
[2026-03-24 20:39:40] [WPG] WPG initialized with 7 unique vehicles
[2026-03-24 20:39:40] [WPG] Server started. UDP Port: 5022
[2026-03-24 20:39:40] [WPG] Dummy database initialization complete. Total vehicles: 7
[2026-03-24 20:39:40] [WPG] Server started. UDP Port: 5002
[2026-03-24 20:39:40] [WPG] Server started. UDP Port: 5012
[2026-03-24 20:39:40] [WPG] Initializing dummy database for WPG server...
[2026-03-24 20:39:40] [WPG] Added dummy vehicle: WPG1001 (Sedan) @ $75.0
[2026-03-24 20:39:40] [WPG] Added dummy vehicle: WPG1002 (Sedan) @ $80.0
[2026-03-24 20:39:40] [WPG] Added dummy vehicle: WPG2001 (SUV) @ $110.0
[2026-03-24 20:39:40] [WPG] Added dummy vehicle: WPG2002 (SUV) @ $115.0
[2026-03-24 20:39:40] [WPG] Added dummy vehicle: WPG2003 (SUV) @ $125.0
[2026-03-24 20:39:40] [WPG] Added dummy vehicle: WPG3001 (Truck) @ $140.0
[2026-03-24 20:39:40] [WPG] Added dummy vehicle: WPG3002 (Truck) @ $145.0
[2026-03-24 20:39:40] [WPG] WPG initialized with 7 unique vehicles
[2026-03-24 20:39:40] [WPG] Dummy database initialization complete. Total vehicles: 7
[2026-03-24 20:39:40] [WPG] Server started. UDP Port: 5032
[2026-03-24 20:39:40] [WPG] Initializing dummy database for WPG server...
[2026-03-24 20:39:40] [WPG] Added dummy vehicle: WPG1001 (Sedan) @ $75.0
[2026-03-24 20:39:40] [WPG] Added dummy vehicle: WPG1002 (Sedan) @ $80.0
[2026-03-24 20:39:40] [WPG] Added dummy vehicle: WPG2001 (SUV) @ $110.0
[2026-03-24 20:39:40] [WPG] Added dummy vehicle: WPG2002 (SUV) @ $115.0
[2026-03-24 20:39:40] [WPG] Added dummy vehicle: WPG2003 (SUV) @ $125.0
[2026-03-24 20:39:40] [WPG] Added dummy vehicle: WPG3001 (Truck) @ $140.0
[2026-03-24 20:39:40] [WPG] Added dummy vehicle: WPG3002 (Truck) @ $145.0
[2026-03-24 20:39:40] [WPG] WPG initialized with 7 unique vehicles
[2026-03-24 20:39:40] [WPG] Dummy database initialization complete. Total vehicles: 7
[2026-03-24 20:39:40] [WPG] Server started. UDP Port: 5012
[2026-03-24 20:39:40] [WPG] Initializing dummy database for WPG server...
[2026-03-24 20:39:40] [WPG] Added dummy vehicle: WPG1001 (Sedan) @ $75.0
[2026-03-24 20:39:40] [WPG] Added dummy vehicle: WPG1002 (Sedan) @ $80.0
[2026-03-24 20:39:40] [WPG] Added dummy vehicle: WPG2001 (SUV) @ $110.0
[2026-03-24 20:39:40] [WPG] Added dummy vehicle: WPG2002 (SUV) @ $115.0
[2026-03-24 20:39:40] [WPG] Added dummy vehicle: WPG2003 (SUV) @ $125.0
[2026-03-24 20:39:40] [WPG] Added dummy vehicle: WPG3001 (Truck) @ $140.0
[2026-03-24 20:39:40] [WPG] Added dummy vehicle: WPG3002 (Truck) @ $145.0
[2026-03-24 20:39:40] [WPG] WPG initialized with 7 unique vehicles
[2026-03-24 20:39:40] [WPG] Dummy database initialization complete. Total vehicles: 7
[2026-03-24 20:39:40] [WPG] Server started. UDP Port: 5022
[2026-03-24 20:39:40] [WPG] Initializing dummy database for WPG server...
[2026-03-24 20:39:40] [WPG] Added dummy vehicle: WPG1001 (Sedan) @ $75.0
[2026-03-24 20:39:40] [WPG] Added dummy vehicle: WPG1002 (Sedan) @ $80.0
[2026-03-24 20:39:40] [WPG] Added dummy vehicle: WPG2001 (SUV) @ $110.0
[2026-03-24 20:39:40] [WPG] Added dummy vehicle: WPG2002 (SUV) @ $115.0
[2026-03-24 20:39:40] [WPG] Added dummy vehicle: WPG2003 (SUV) @ $125.0
[2026-03-24 20:39:40] [WPG] Added dummy vehicle: WPG3001 (Truck) @ $140.0
[2026-03-24 20:39:40] [WPG] Added dummy vehicle: WPG3002 (Truck) @ $145.0
[2026-03-24 20:39:40] [WPG] WPG initialized with 7 unique vehicles
[2026-03-24 20:39:40] [WPG] Dummy database initialization complete. Total vehicles: 7
[2026-03-24 20:39:40] [WPG] Server started. UDP Port: 5002
[2026-03-24 20:56:38] [WPG] Initializing dummy database for WPG server...
[2026-03-24 20:56:38] [WPG] Initializing dummy database for WPG server...
[2026-03-24 20:56:38] [WPG] Added dummy vehicle: WPG1001 (Sedan) @ $75.0
[2026-03-24 20:56:38] [WPG] Added dummy vehicle: WPG1002 (Sedan) @ $80.0
[2026-03-24 20:56:38] [WPG] Added dummy vehicle: WPG1001 (Sedan) @ $75.0
[2026-03-24 20:56:38] [WPG] Added dummy vehicle: WPG2001 (SUV) @ $110.0
[2026-03-24 20:56:38] [WPG] Added dummy vehicle: WPG1002 (Sedan) @ $80.0
[2026-03-24 20:56:38] [WPG] Added dummy vehicle: WPG2002 (SUV) @ $115.0
[2026-03-24 20:56:38] [WPG] Added dummy vehicle: WPG2001 (SUV) @ $110.0
[2026-03-24 20:56:38] [WPG] Added dummy vehicle: WPG2003 (SUV) @ $125.0
[2026-03-24 20:56:38] [WPG] Added dummy vehicle: WPG2002 (SUV) @ $115.0
[2026-03-24 20:56:38] [WPG] Added dummy vehicle: WPG3001 (Truck) @ $140.0
[2026-03-24 20:56:38] [WPG] Initializing dummy database for WPG server...
[2026-03-24 20:56:38] [WPG] Initializing dummy database for WPG server...
[2026-03-24 20:56:38] [WPG] Added dummy vehicle: WPG1001 (Sedan) @ $75.0
[2026-03-24 20:56:38] [WPG] Added dummy vehicle: WPG1002 (Sedan) @ $80.0
[2026-03-24 20:56:38] [WPG] Added dummy vehicle: WPG1001 (Sedan) @ $75.0
[2026-03-24 20:56:38] [WPG] Added dummy vehicle: WPG2001 (SUV) @ $110.0
[2026-03-24 20:56:38] [WPG] Added dummy vehicle: WPG1002 (Sedan) @ $80.0
[2026-03-24 20:56:38] [WPG] Added dummy vehicle: WPG2002 (SUV) @ $115.0
[2026-03-24 20:56:38] [WPG] Added dummy vehicle: WPG2001 (SUV) @ $110.0
[2026-03-24 20:56:38] [WPG] Added dummy vehicle: WPG2002 (SUV) @ $115.0
[2026-03-24 20:56:38] [WPG] Added dummy vehicle: WPG2003 (SUV) @ $125.0
[2026-03-24 20:56:38] [WPG] Added dummy vehicle: WPG3002 (Truck) @ $145.0
[2026-03-24 20:56:38] [WPG] Added dummy vehicle: WPG2003 (SUV) @ $125.0
[2026-03-24 20:56:38] [WPG] Added dummy vehicle: WPG2003 (SUV) @ $125.0
[2026-03-24 20:56:38] [WPG] Added dummy vehicle: WPG3001 (Truck) @ $140.0
[2026-03-24 20:56:38] [WPG] WPG initialized with 7 unique vehicles
[2026-03-24 20:56:38] [WPG] Added dummy vehicle: WPG3002 (Truck) @ $145.0
[2026-03-24 20:56:38] [WPG] Added dummy vehicle: WPG3001 (Truck) @ $140.0
[2026-03-24 20:56:38] [WPG] WPG initialized with 7 unique vehicles
[2026-03-24 20:56:38] [WPG] Dummy database initialization complete. Total vehicles: 7
[2026-03-24 20:56:38] [WPG] Dummy database initialization complete. Total vehicles: 7
[2026-03-24 20:56:38] [WPG] Added dummy vehicle: WPG3002 (Truck) @ $145.0
[2026-03-24 20:56:38] [WPG] Added dummy vehicle: WPG3001 (Truck) @ $140.0
[2026-03-24 20:56:38] [WPG] WPG initialized with 7 unique vehicles
[2026-03-24 20:56:38] [WPG] Added dummy vehicle: WPG3002 (Truck) @ $145.0
[2026-03-24 20:56:38] [WPG] Server started. UDP Port: 5032
[2026-03-24 20:56:38] [WPG] Dummy database initialization complete. Total vehicles: 7
[2026-03-24 20:56:38] [WPG] WPG initialized with 7 unique vehicles
[2026-03-24 20:56:38] [WPG] Dummy database initialization complete. Total vehicles: 7
[2026-03-24 20:56:38] [WPG] Server started. UDP Port: 5012
[2026-03-24 20:56:38] [WPG] Server started. UDP Port: 5022
[2026-03-24 20:56:38] [WPG] Server started. UDP Port: 5002
[2026-03-24 20:56:38] [WPG] Initializing dummy database for WPG server...
[2026-03-24 20:56:38] [WPG] Added dummy vehicle: WPG1001 (Sedan) @ $75.0
[2026-03-24 20:56:38] [WPG] Added dummy vehicle: WPG1002 (Sedan) @ $80.0
[2026-03-24 20:56:38] [WPG] Added dummy vehicle: WPG2001 (SUV) @ $110.0
[2026-03-24 20:56:38] [WPG] Added dummy vehicle: WPG2002 (SUV) @ $115.0
[2026-03-24 20:56:38] [WPG] Initializing dummy database for WPG server...
[2026-03-24 20:56:38] [WPG] Added dummy vehicle: WPG2003 (SUV) @ $125.0
[2026-03-24 20:56:38] [WPG] Added dummy vehicle: WPG3001 (Truck) @ $140.0
[2026-03-24 20:56:38] [WPG] Added dummy vehicle: WPG1001 (Sedan) @ $75.0
[2026-03-24 20:56:38] [WPG] Added dummy vehicle: WPG3002 (Truck) @ $145.0
[2026-03-24 20:56:38] [WPG] WPG initialized with 7 unique vehicles
[2026-03-24 20:56:38] [WPG] Added dummy vehicle: WPG1002 (Sedan) @ $80.0
[2026-03-24 20:56:38] [WPG] Dummy database initialization complete. Total vehicles: 7
[2026-03-24 20:56:38] [WPG] Added dummy vehicle: WPG2001 (SUV) @ $110.0
[2026-03-24 20:56:38] [WPG] Server started. UDP Port: 5032
[2026-03-24 20:56:38] [WPG] Added dummy vehicle: WPG2002 (SUV) @ $115.0
[2026-03-24 20:56:38] [WPG] Added dummy vehicle: WPG2003 (SUV) @ $125.0
[2026-03-24 20:56:38] [WPG] Added dummy vehicle: WPG3001 (Truck) @ $140.0
[2026-03-24 20:56:38] [WPG] Added dummy vehicle: WPG3002 (Truck) @ $145.0
[2026-03-24 20:56:38] [WPG] WPG initialized with 7 unique vehicles
[2026-03-24 20:56:38] [WPG] Dummy database initialization complete. Total vehicles: 7
[2026-03-24 20:56:38] [WPG] Server started. UDP Port: 5022
[2026-03-24 20:56:38] [WPG] Initializing dummy database for WPG server...
[2026-03-24 20:56:38] [WPG] Added dummy vehicle: WPG1001 (Sedan) @ $75.0
[2026-03-24 20:56:38] [WPG] Added dummy vehicle: WPG1002 (Sedan) @ $80.0
[2026-03-24 20:56:38] [WPG] Added dummy vehicle: WPG2001 (SUV) @ $110.0
[2026-03-24 20:56:38] [WPG] Added dummy vehicle: WPG2002 (SUV) @ $115.0
[2026-03-24 20:56:38] [WPG] Added dummy vehicle: WPG2003 (SUV) @ $125.0
[2026-03-24 20:56:38] [WPG] Added dummy vehicle: WPG3001 (Truck) @ $140.0
[2026-03-24 20:56:38] [WPG] Added dummy vehicle: WPG3002 (Truck) @ $145.0
[2026-03-24 20:56:38] [WPG] WPG initialized with 7 unique vehicles
[2026-03-24 20:56:38] [WPG] Dummy database initialization complete. Total vehicles: 7
[2026-03-24 20:56:38] [WPG] Server started. UDP Port: 5012
[2026-03-24 20:56:38] [WPG] Initializing dummy database for WPG server...
[2026-03-24 20:56:38] [WPG] Added dummy vehicle: WPG1001 (Sedan) @ $75.0
[2026-03-24 20:56:38] [WPG] Added dummy vehicle: WPG1002 (Sedan) @ $80.0
[2026-03-24 20:56:38] [WPG] Added dummy vehicle: WPG2001 (SUV) @ $110.0
[2026-03-24 20:56:38] [WPG] Added dummy vehicle: WPG2002 (SUV) @ $115.0
[2026-03-24 20:56:38] [WPG] Added dummy vehicle: WPG2003 (SUV) @ $125.0
[2026-03-24 20:56:38] [WPG] Added dummy vehicle: WPG3001 (Truck) @ $140.0
[2026-03-24 20:56:38] [WPG] Added dummy vehicle: WPG3002 (Truck) @ $145.0
[2026-03-24 20:56:38] [WPG] WPG initialized with 7 unique vehicles
[2026-03-24 20:56:38] [WPG] Dummy database initialization complete. Total vehicles: 7
[2026-03-24 20:56:38] [WPG] Server started. UDP Port: 5002
[2026-03-24 20:56:46] [WPG] Initializing dummy database for WPG server...
[2026-03-24 20:56:46] [WPG] Initializing dummy database for WPG server...
[2026-03-24 20:56:46] [WPG] Added dummy vehicle: WPG1001 (Sedan) @ $75.0
[2026-03-24 20:56:46] [WPG] Added dummy vehicle: WPG1001 (Sedan) @ $75.0
[2026-03-24 20:56:46] [WPG] Added dummy vehicle: WPG1002 (Sedan) @ $80.0
[2026-03-24 20:56:46] [WPG] Added dummy vehicle: WPG1002 (Sedan) @ $80.0
[2026-03-24 20:56:46] [WPG] Added dummy vehicle: WPG2001 (SUV) @ $110.0
[2026-03-24 20:56:46] [WPG] Added dummy vehicle: WPG2002 (SUV) @ $115.0
[2026-03-24 20:56:46] [WPG] Added dummy vehicle: WPG2003 (SUV) @ $125.0
[2026-03-24 20:56:46] [WPG] Added dummy vehicle: WPG3001 (Truck) @ $140.0
[2026-03-24 20:56:46] [WPG] Added dummy vehicle: WPG3002 (Truck) @ $145.0
[2026-03-24 20:56:46] [WPG] Added dummy vehicle: WPG2001 (SUV) @ $110.0
[2026-03-24 20:56:46] [WPG] Initializing dummy database for WPG server...
[2026-03-24 20:56:46] [WPG] WPG initialized with 7 unique vehicles
[2026-03-24 20:56:46] [WPG] Dummy database initialization complete. Total vehicles: 7
[2026-03-24 20:56:46] [WPG] Server started. UDP Port: 5012
[2026-03-24 20:56:46] [WPG] Added dummy vehicle: WPG1001 (Sedan) @ $75.0
[2026-03-24 20:56:46] [WPG] Added dummy vehicle: WPG1002 (Sedan) @ $80.0
[2026-03-24 20:56:46] [WPG] Added dummy vehicle: WPG2001 (SUV) @ $110.0
[2026-03-24 20:56:46] [WPG] Added dummy vehicle: WPG2002 (SUV) @ $115.0
[2026-03-24 20:56:46] [WPG] Added dummy vehicle: WPG2003 (SUV) @ $125.0
[2026-03-24 20:56:46] [WPG] Added dummy vehicle: WPG3001 (Truck) @ $140.0
[2026-03-24 20:56:46] [WPG] Added dummy vehicle: WPG3002 (Truck) @ $145.0
[2026-03-24 20:56:46] [WPG] WPG initialized with 7 unique vehicles
[2026-03-24 20:56:46] [WPG] Dummy database initialization complete. Total vehicles: 7
[2026-03-24 20:56:46] [WPG] Added dummy vehicle: WPG2002 (SUV) @ $115.0
[2026-03-24 20:56:46] [WPG] Added dummy vehicle: WPG2003 (SUV) @ $125.0
[2026-03-24 20:56:46] [WPG] Added dummy vehicle: WPG3001 (Truck) @ $140.0
[2026-03-24 20:56:46] [WPG] Server started. UDP Port: 5002
[2026-03-24 20:56:46] [WPG] Added dummy vehicle: WPG3002 (Truck) @ $145.0
[2026-03-24 20:56:46] [WPG] WPG initialized with 7 unique vehicles
[2026-03-24 20:56:46] [WPG] Dummy database initialization complete. Total vehicles: 7
[2026-03-24 20:56:46] [WPG] Initializing dummy database for WPG server...
[2026-03-24 20:56:46] [WPG] Added dummy vehicle: WPG1001 (Sedan) @ $75.0
[2026-03-24 20:56:46] [WPG] Added dummy vehicle: WPG1002 (Sedan) @ $80.0
[2026-03-24 20:56:46] [WPG] Added dummy vehicle: WPG2001 (SUV) @ $110.0
[2026-03-24 20:56:46] [WPG] Added dummy vehicle: WPG2002 (SUV) @ $115.0
[2026-03-24 20:56:46] [WPG] Added dummy vehicle: WPG2003 (SUV) @ $125.0
[2026-03-24 20:56:46] [WPG] Added dummy vehicle: WPG3001 (Truck) @ $140.0
[2026-03-24 20:56:46] [WPG] Added dummy vehicle: WPG3002 (Truck) @ $145.0
[2026-03-24 20:56:46] [WPG] WPG initialized with 7 unique vehicles
[2026-03-24 20:56:46] [WPG] Dummy database initialization complete. Total vehicles: 7
[2026-03-24 20:56:46] [WPG] Server started. UDP Port: 5032
[2026-03-24 20:56:46] [WPG] Server started. UDP Port: 5022
[2026-03-24 20:56:46] [WPG] Initializing dummy database for WPG server...
[2026-03-24 20:56:46] [WPG] Added dummy vehicle: WPG1001 (Sedan) @ $75.0
[2026-03-24 20:56:46] [WPG] Added dummy vehicle: WPG1002 (Sedan) @ $80.0
[2026-03-24 20:56:46] [WPG] Added dummy vehicle: WPG2001 (SUV) @ $110.0
[2026-03-24 20:56:46] [WPG] Added dummy vehicle: WPG2002 (SUV) @ $115.0
[2026-03-24 20:56:46] [WPG] Added dummy vehicle: WPG2003 (SUV) @ $125.0
[2026-03-24 20:56:46] [WPG] Added dummy vehicle: WPG3001 (Truck) @ $140.0
[2026-03-24 20:56:46] [WPG] Added dummy vehicle: WPG3002 (Truck) @ $145.0
[2026-03-24 20:56:46] [WPG] WPG initialized with 7 unique vehicles
[2026-03-24 20:56:46] [WPG] Dummy database initialization complete. Total vehicles: 7
[2026-03-24 20:56:46] [WPG] Server started. UDP Port: 5012
[2026-03-24 20:56:46] [WPG] Initializing dummy database for WPG server...
[2026-03-24 20:56:46] [WPG] Added dummy vehicle: WPG1001 (Sedan) @ $75.0
[2026-03-24 20:56:46] [WPG] Added dummy vehicle: WPG1002 (Sedan) @ $80.0
[2026-03-24 20:56:46] [WPG] Added dummy vehicle: WPG2001 (SUV) @ $110.0
[2026-03-24 20:56:46] [WPG] Added dummy vehicle: WPG2002 (SUV) @ $115.0
[2026-03-24 20:56:46] [WPG] Added dummy vehicle: WPG2003 (SUV) @ $125.0
[2026-03-24 20:56:46] [WPG] Added dummy vehicle: WPG3001 (Truck) @ $140.0
[2026-03-24 20:56:46] [WPG] Added dummy vehicle: WPG3002 (Truck) @ $145.0
[2026-03-24 20:56:46] [WPG] WPG initialized with 7 unique vehicles
[2026-03-24 20:56:46] [WPG] Dummy database initialization complete. Total vehicles: 7
[2026-03-24 20:56:46] [WPG] Server started. UDP Port: 5032
[2026-03-24 20:56:46] [WPG] Initializing dummy database for WPG server...
[2026-03-24 20:56:46] [WPG] Added dummy vehicle: WPG1001 (Sedan) @ $75.0
[2026-03-24 20:56:46] [WPG] Added dummy vehicle: WPG1002 (Sedan) @ $80.0
[2026-03-24 20:56:46] [WPG] Added dummy vehicle: WPG2001 (SUV) @ $110.0
[2026-03-24 20:56:46] [WPG] Added dummy vehicle: WPG2002 (SUV) @ $115.0
[2026-03-24 20:56:46] [WPG] Added dummy vehicle: WPG2003 (SUV) @ $125.0
[2026-03-24 20:56:46] [WPG] Added dummy vehicle: WPG3001 (Truck) @ $140.0
[2026-03-24 20:56:46] [WPG] Added dummy vehicle: WPG3002 (Truck) @ $145.0
[2026-03-24 20:56:46] [WPG] WPG initialized with 7 unique vehicles
[2026-03-24 20:56:46] [WPG] Dummy database initialization complete. Total vehicles: 7
[2026-03-24 20:56:46] [WPG] Server started. UDP Port: 5002
[2026-03-24 20:56:46] [WPG] Initializing dummy database for WPG server...
[2026-03-24 20:56:46] [WPG] Added dummy vehicle: WPG1001 (Sedan) @ $75.0
[2026-03-24 20:56:46] [WPG] Added dummy vehicle: WPG1002 (Sedan) @ $80.0
[2026-03-24 20:56:46] [WPG] Added dummy vehicle: WPG2001 (SUV) @ $110.0
[2026-03-24 20:56:46] [WPG] Added dummy vehicle: WPG2002 (SUV) @ $115.0
[2026-03-24 20:56:46] [WPG] Added dummy vehicle: WPG2003 (SUV) @ $125.0
[2026-03-24 20:56:46] [WPG] Added dummy vehicle: WPG3001 (Truck) @ $140.0
[2026-03-24 20:56:46] [WPG] Added dummy vehicle: WPG3002 (Truck) @ $145.0
[2026-03-24 20:56:46] [WPG] WPG initialized with 7 unique vehicles
[2026-03-24 20:56:46] [WPG] Dummy database initialization complete. Total vehicles: 7
[2026-03-24 20:56:46] [WPG] Server started. UDP Port: 5022
[2026-03-24 20:56:53] [WPG] Initializing dummy database for WPG server...
[2026-03-24 20:56:53] [WPG] Added dummy vehicle: WPG1001 (Sedan) @ $75.0
[2026-03-24 20:56:53] [WPG] Added dummy vehicle: WPG1002 (Sedan) @ $80.0
[2026-03-24 20:56:53] [WPG] Added dummy vehicle: WPG2001 (SUV) @ $110.0
[2026-03-24 20:56:53] [WPG] Added dummy vehicle: WPG2002 (SUV) @ $115.0
[2026-03-24 20:56:53] [WPG] Added dummy vehicle: WPG2003 (SUV) @ $125.0
[2026-03-24 20:56:53] [WPG] Added dummy vehicle: WPG3001 (Truck) @ $140.0
[2026-03-24 20:56:53] [WPG] Added dummy vehicle: WPG3002 (Truck) @ $145.0
[2026-03-24 20:56:53] [WPG] WPG initialized with 7 unique vehicles
[2026-03-24 20:56:53] [WPG] Dummy database initialization complete. Total vehicles: 7
[2026-03-24 20:56:53] [WPG] Server started. UDP Port: 5012
[2026-03-24 20:56:54] [WPG] Initializing dummy database for WPG server...
[2026-03-24 20:56:54] [WPG] Added dummy vehicle: WPG1001 (Sedan) @ $75.0
[2026-03-24 20:56:54] [WPG] Added dummy vehicle: WPG1002 (Sedan) @ $80.0
[2026-03-24 20:56:54] [WPG] Initializing dummy database for WPG server...
[2026-03-24 20:56:54] [WPG] Added dummy vehicle: WPG1001 (Sedan) @ $75.0
[2026-03-24 20:56:54] [WPG] Added dummy vehicle: WPG1002 (Sedan) @ $80.0
[2026-03-24 20:56:54] [WPG] Initializing dummy database for WPG server...
[2026-03-24 20:56:54] [WPG] Added dummy vehicle: WPG2001 (SUV) @ $110.0
[2026-03-24 20:56:54] [WPG] Added dummy vehicle: WPG1001 (Sedan) @ $75.0
[2026-03-24 20:56:54] [WPG] Added dummy vehicle: WPG1002 (Sedan) @ $80.0
[2026-03-24 20:56:54] [WPG] Added dummy vehicle: WPG2001 (SUV) @ $110.0
[2026-03-24 20:56:54] [WPG] Added dummy vehicle: WPG2002 (SUV) @ $115.0
[2026-03-24 20:56:54] [WPG] Added dummy vehicle: WPG2003 (SUV) @ $125.0
[2026-03-24 20:56:54] [WPG] Added dummy vehicle: WPG3001 (Truck) @ $140.0
[2026-03-24 20:56:54] [WPG] Added dummy vehicle: WPG2002 (SUV) @ $115.0
[2026-03-24 20:56:54] [WPG] Added dummy vehicle: WPG2001 (SUV) @ $110.0
[2026-03-24 20:56:54] [WPG] Added dummy vehicle: WPG3002 (Truck) @ $145.0
[2026-03-24 20:56:54] [WPG] Added dummy vehicle: WPG2003 (SUV) @ $125.0
[2026-03-24 20:56:54] [WPG] Added dummy vehicle: WPG2002 (SUV) @ $115.0
[2026-03-24 20:56:54] [WPG] WPG initialized with 7 unique vehicles
[2026-03-24 20:56:54] [WPG] Added dummy vehicle: WPG2003 (SUV) @ $125.0
[2026-03-24 20:56:54] [WPG] Dummy database initialization complete. Total vehicles: 7
[2026-03-24 20:56:54] [WPG] Added dummy vehicle: WPG3001 (Truck) @ $140.0
[2026-03-24 20:56:54] [WPG] Added dummy vehicle: WPG3001 (Truck) @ $140.0
[2026-03-24 20:56:54] [WPG] Added dummy vehicle: WPG3002 (Truck) @ $145.0
[2026-03-24 20:56:54] [WPG] Added dummy vehicle: WPG3002 (Truck) @ $145.0
[2026-03-24 20:56:54] [WPG] WPG initialized with 7 unique vehicles
[2026-03-24 20:56:54] [WPG] WPG initialized with 7 unique vehicles
[2026-03-24 20:56:54] [WPG] Dummy database initialization complete. Total vehicles: 7
[2026-03-24 20:56:54] [WPG] Dummy database initialization complete. Total vehicles: 7
[2026-03-24 20:56:54] [WPG] Server started. UDP Port: 5022
[2026-03-24 20:56:54] [WPG] Server started. UDP Port: 5032
[2026-03-24 20:56:54] [WPG] Server started. UDP Port: 5002
[2026-03-24 20:56:54] [WPG] Initializing dummy database for WPG server...
[2026-03-24 20:56:54] [WPG] Added dummy vehicle: WPG1001 (Sedan) @ $75.0
[2026-03-24 20:56:54] [WPG] Added dummy vehicle: WPG1002 (Sedan) @ $80.0
[2026-03-24 20:56:54] [WPG] Added dummy vehicle: WPG2001 (SUV) @ $110.0
[2026-03-24 20:56:54] [WPG] Added dummy vehicle: WPG2002 (SUV) @ $115.0
[2026-03-24 20:56:54] [WPG] Added dummy vehicle: WPG2003 (SUV) @ $125.0
[2026-03-24 20:56:54] [WPG] Added dummy vehicle: WPG3001 (Truck) @ $140.0
[2026-03-24 20:56:54] [WPG] Added dummy vehicle: WPG3002 (Truck) @ $145.0
[2026-03-24 20:56:54] [WPG] WPG initialized with 7 unique vehicles
[2026-03-24 20:56:54] [WPG] Dummy database initialization complete. Total vehicles: 7
[2026-03-24 20:56:54] [WPG] Server started. UDP Port: 5022
[2026-03-24 20:56:54] [WPG] Initializing dummy database for WPG server...
[2026-03-24 20:56:54] [WPG] Added dummy vehicle: WPG1001 (Sedan) @ $75.0
[2026-03-24 20:56:54] [WPG] Initializing dummy database for WPG server...
[2026-03-24 20:56:54] [WPG] Added dummy vehicle: WPG1002 (Sedan) @ $80.0
[2026-03-24 20:56:54] [WPG] Added dummy vehicle: WPG2001 (SUV) @ $110.0
[2026-03-24 20:56:54] [WPG] Added dummy vehicle: WPG1001 (Sedan) @ $75.0
[2026-03-24 20:56:54] [WPG] Added dummy vehicle: WPG2002 (SUV) @ $115.0
[2026-03-24 20:56:54] [WPG] Added dummy vehicle: WPG2003 (SUV) @ $125.0
[2026-03-24 20:56:54] [WPG] Added dummy vehicle: WPG1002 (Sedan) @ $80.0
[2026-03-24 20:56:54] [WPG] Added dummy vehicle: WPG3001 (Truck) @ $140.0
[2026-03-24 20:56:54] [WPG] Added dummy vehicle: WPG2001 (SUV) @ $110.0
[2026-03-24 20:56:54] [WPG] Added dummy vehicle: WPG3002 (Truck) @ $145.0
[2026-03-24 20:56:54] [WPG] Added dummy vehicle: WPG2002 (SUV) @ $115.0
[2026-03-24 20:56:54] [WPG] WPG initialized with 7 unique vehicles
[2026-03-24 20:56:54] [WPG] Added dummy vehicle: WPG2003 (SUV) @ $125.0
[2026-03-24 20:56:54] [WPG] Dummy database initialization complete. Total vehicles: 7
[2026-03-24 20:56:54] [WPG] Added dummy vehicle: WPG3001 (Truck) @ $140.0
[2026-03-24 20:56:54] [WPG] Added dummy vehicle: WPG3002 (Truck) @ $145.0
[2026-03-24 20:56:54] [WPG] Server started. UDP Port: 5032
[2026-03-24 20:56:54] [WPG] WPG initialized with 7 unique vehicles
[2026-03-24 20:56:54] [WPG] Dummy database initialization complete. Total vehicles: 7
[2026-03-24 20:56:54] [WPG] Server started. UDP Port: 5012
[2026-03-24 20:56:54] [WPG] Initializing dummy database for WPG server...
[2026-03-24 20:56:54] [WPG] Added dummy vehicle: WPG1001 (Sedan) @ $75.0
[2026-03-24 20:56:54] [WPG] Added dummy vehicle: WPG1002 (Sedan) @ $80.0
[2026-03-24 20:56:54] [WPG] Added dummy vehicle: WPG2001 (SUV) @ $110.0
[2026-03-24 20:56:54] [WPG] Added dummy vehicle: WPG2002 (SUV) @ $115.0
[2026-03-24 20:56:54] [WPG] Added dummy vehicle: WPG2003 (SUV) @ $125.0
[2026-03-24 20:56:54] [WPG] Added dummy vehicle: WPG3001 (Truck) @ $140.0
[2026-03-24 20:56:54] [WPG] Added dummy vehicle: WPG3002 (Truck) @ $145.0
[2026-03-24 20:56:54] [WPG] WPG initialized with 7 unique vehicles
[2026-03-24 20:56:54] [WPG] Dummy database initialization complete. Total vehicles: 7
[2026-03-24 20:56:54] [WPG] Server started. UDP Port: 5002
[2026-03-24 23:59:13] [WPG] Initializing dummy database for WPG server...
[2026-03-24 23:59:13] [WPG] Initializing dummy database for WPG server...
[2026-03-24 23:59:13] [WPG] Added dummy vehicle: WPG1001 (Sedan) @ $75.0
[2026-03-24 23:59:13] [WPG] Added dummy vehicle: WPG1002 (Sedan) @ $80.0
[2026-03-24 23:59:13] [WPG] Added dummy vehicle: WPG2001 (SUV) @ $110.0
[2026-03-24 23:59:13] [WPG] Added dummy vehicle: WPG2002 (SUV) @ $115.0
[2026-03-24 23:59:13] [WPG] Added dummy vehicle: WPG2003 (SUV) @ $125.0
[2026-03-24 23:59:13] [WPG] Added dummy vehicle: WPG3001 (Truck) @ $140.0
[2026-03-24 23:59:13] [WPG] Added dummy vehicle: WPG3002 (Truck) @ $145.0
[2026-03-24 23:59:13] [WPG] WPG initialized with 7 unique vehicles
[2026-03-24 23:59:13] [WPG] Dummy database initialization complete. Total vehicles: 7
[2026-03-24 23:59:13] [WPG] Added dummy vehicle: WPG1001 (Sedan) @ $75.0
[2026-03-24 23:59:13] [WPG] Added dummy vehicle: WPG1002 (Sedan) @ $80.0
[2026-03-24 23:59:13] [WPG] Added dummy vehicle: WPG2001 (SUV) @ $110.0
[2026-03-24 23:59:13] [WPG] Added dummy vehicle: WPG2002 (SUV) @ $115.0
[2026-03-24 23:59:13] [WPG] Server started. UDP Port: 5022
[2026-03-24 23:59:13] [WPG] Added dummy vehicle: WPG2003 (SUV) @ $125.0
[2026-03-24 23:59:13] [WPG] Added dummy vehicle: WPG3001 (Truck) @ $140.0
[2026-03-24 23:59:13] [WPG] Initializing dummy database for WPG server...
[2026-03-24 23:59:13] [WPG] Added dummy vehicle: WPG3002 (Truck) @ $145.0
[2026-03-24 23:59:13] [WPG] Added dummy vehicle: WPG1001 (Sedan) @ $75.0
[2026-03-24 23:59:13] [WPG] WPG initialized with 7 unique vehicles
[2026-03-24 23:59:13] [WPG] Added dummy vehicle: WPG1002 (Sedan) @ $80.0
[2026-03-24 23:59:13] [WPG] Dummy database initialization complete. Total vehicles: 7
[2026-03-24 23:59:13] [WPG] Added dummy vehicle: WPG2001 (SUV) @ $110.0
[2026-03-24 23:59:13] [WPG] Added dummy vehicle: WPG2002 (SUV) @ $115.0
[2026-03-24 23:59:13] [WPG] Added dummy vehicle: WPG2003 (SUV) @ $125.0
[2026-03-24 23:59:13] [WPG] Added dummy vehicle: WPG3001 (Truck) @ $140.0
[2026-03-24 23:59:13] [WPG] Added dummy vehicle: WPG3002 (Truck) @ $145.0
[2026-03-24 23:59:13] [WPG] WPG initialized with 7 unique vehicles
[2026-03-24 23:59:13] [WPG] Dummy database initialization complete. Total vehicles: 7
[2026-03-24 23:59:13] [WPG] Initializing dummy database for WPG server...
[2026-03-24 23:59:13] [WPG] Added dummy vehicle: WPG1001 (Sedan) @ $75.0
[2026-03-24 23:59:13] [WPG] Added dummy vehicle: WPG1002 (Sedan) @ $80.0
[2026-03-24 23:59:13] [WPG] Server started. UDP Port: 5032
[2026-03-24 23:59:13] [WPG] Server started. UDP Port: 5012
[2026-03-24 23:59:13] [WPG] Added dummy vehicle: WPG2001 (SUV) @ $110.0
[2026-03-24 23:59:13] [WPG] Added dummy vehicle: WPG2002 (SUV) @ $115.0
[2026-03-24 23:59:13] [WPG] Added dummy vehicle: WPG2003 (SUV) @ $125.0
[2026-03-24 23:59:13] [WPG] Added dummy vehicle: WPG3001 (Truck) @ $140.0
[2026-03-24 23:59:13] [WPG] Added dummy vehicle: WPG3002 (Truck) @ $145.0
[2026-03-24 23:59:13] [WPG] WPG initialized with 7 unique vehicles
[2026-03-24 23:59:13] [WPG] Dummy database initialization complete. Total vehicles: 7
[2026-03-24 23:59:13] [WPG] Server started. UDP Port: 5002
[2026-03-24 23:59:14] [WPG] Initializing dummy database for WPG server...
[2026-03-24 23:59:14] [WPG] Added dummy vehicle: WPG1001 (Sedan) @ $75.0
[2026-03-24 23:59:14] [WPG] Added dummy vehicle: WPG1002 (Sedan) @ $80.0
[2026-03-24 23:59:14] [WPG] Added dummy vehicle: WPG2001 (SUV) @ $110.0
[2026-03-24 23:59:14] [WPG] Added dummy vehicle: WPG2002 (SUV) @ $115.0
[2026-03-24 23:59:14] [WPG] Added dummy vehicle: WPG2003 (SUV) @ $125.0
[2026-03-24 23:59:14] [WPG] Added dummy vehicle: WPG3001 (Truck) @ $140.0
[2026-03-24 23:59:14] [WPG] Added dummy vehicle: WPG3002 (Truck) @ $145.0
[2026-03-24 23:59:14] [WPG] WPG initialized with 7 unique vehicles
[2026-03-24 23:59:14] [WPG] Dummy database initialization complete. Total vehicles: 7
[2026-03-24 23:59:14] [WPG] Server started. UDP Port: 5022
[2026-03-24 23:59:14] [WPG] Initializing dummy database for WPG server...
[2026-03-24 23:59:14] [WPG] Initializing dummy database for WPG server...
[2026-03-24 23:59:14] [WPG] Added dummy vehicle: WPG1001 (Sedan) @ $75.0
[2026-03-24 23:59:14] [WPG] Added dummy vehicle: WPG1001 (Sedan) @ $75.0
[2026-03-24 23:59:14] [WPG] Added dummy vehicle: WPG1002 (Sedan) @ $80.0
[2026-03-24 23:59:14] [WPG] Added dummy vehicle: WPG1002 (Sedan) @ $80.0
[2026-03-24 23:59:14] [WPG] Added dummy vehicle: WPG2001 (SUV) @ $110.0
[2026-03-24 23:59:14] [WPG] Added dummy vehicle: WPG2001 (SUV) @ $110.0
[2026-03-24 23:59:14] [WPG] Added dummy vehicle: WPG2002 (SUV) @ $115.0
[2026-03-24 23:59:14] [WPG] Added dummy vehicle: WPG2003 (SUV) @ $125.0
[2026-03-24 23:59:14] [WPG] Added dummy vehicle: WPG3001 (Truck) @ $140.0
[2026-03-24 23:59:14] [WPG] Added dummy vehicle: WPG3002 (Truck) @ $145.0
[2026-03-24 23:59:14] [WPG] WPG initialized with 7 unique vehicles
[2026-03-24 23:59:14] [WPG] Dummy database initialization complete. Total vehicles: 7
[2026-03-24 23:59:14] [WPG] Added dummy vehicle: WPG2002 (SUV) @ $115.0
[2026-03-24 23:59:14] [WPG] Added dummy vehicle: WPG2003 (SUV) @ $125.0
[2026-03-24 23:59:14] [WPG] Added dummy vehicle: WPG3001 (Truck) @ $140.0
[2026-03-24 23:59:14] [WPG] Added dummy vehicle: WPG3002 (Truck) @ $145.0
[2026-03-24 23:59:14] [WPG] WPG initialized with 7 unique vehicles
[2026-03-24 23:59:14] [WPG] Dummy database initialization complete. Total vehicles: 7
[2026-03-24 23:59:14] [WPG] Server started. UDP Port: 5032
[2026-03-24 23:59:14] [WPG] Server started. UDP Port: 5012
[2026-03-24 23:59:14] [WPG] Initializing dummy database for WPG server...
[2026-03-24 23:59:14] [WPG] Added dummy vehicle: WPG1001 (Sedan) @ $75.0
[2026-03-24 23:59:14] [WPG] Added dummy vehicle: WPG1002 (Sedan) @ $80.0
[2026-03-24 23:59:14] [WPG] Added dummy vehicle: WPG2001 (SUV) @ $110.0
[2026-03-24 23:59:14] [WPG] Added dummy vehicle: WPG2002 (SUV) @ $115.0
[2026-03-24 23:59:14] [WPG] Added dummy vehicle: WPG2003 (SUV) @ $125.0
[2026-03-24 23:59:14] [WPG] Added dummy vehicle: WPG3001 (Truck) @ $140.0
[2026-03-24 23:59:14] [WPG] Added dummy vehicle: WPG3002 (Truck) @ $145.0
[2026-03-24 23:59:14] [WPG] WPG initialized with 7 unique vehicles
[2026-03-24 23:59:14] [WPG] Dummy database initialization complete. Total vehicles: 7
[2026-03-24 23:59:14] [WPG] Server started. UDP Port: 5002
[2026-03-25 00:02:28] [WPG] Initializing dummy database for WPG server...
[2026-03-25 00:02:28] [WPG] Added dummy vehicle: WPG1001 (Sedan) @ $75.0
[2026-03-25 00:02:28] [WPG] Added dummy vehicle: WPG1002 (Sedan) @ $80.0
[2026-03-25 00:02:28] [WPG] Added dummy vehicle: WPG2001 (SUV) @ $110.0
[2026-03-25 00:02:28] [WPG] Added dummy vehicle: WPG2002 (SUV) @ $115.0
[2026-03-25 00:02:28] [WPG] Added dummy vehicle: WPG2003 (SUV) @ $125.0
[2026-03-25 00:02:28] [WPG] Added dummy vehicle: WPG3001 (Truck) @ $140.0
[2026-03-25 00:02:28] [WPG] Initializing dummy database for WPG server...
[2026-03-25 00:02:28] [WPG] Added dummy vehicle: WPG3002 (Truck) @ $145.0
[2026-03-25 00:02:28] [WPG] WPG initialized with 7 unique vehicles
[2026-03-25 00:02:28] [WPG] Dummy database initialization complete. Total vehicles: 7
[2026-03-25 00:02:28] [WPG] Added dummy vehicle: WPG1001 (Sedan) @ $75.0
[2026-03-25 00:02:28] [WPG] Added dummy vehicle: WPG1002 (Sedan) @ $80.0
[2026-03-25 00:02:28] [WPG] Added dummy vehicle: WPG2001 (SUV) @ $110.0
[2026-03-25 00:02:28] [WPG] Added dummy vehicle: WPG2002 (SUV) @ $115.0
[2026-03-25 00:02:28] [WPG] Initializing dummy database for WPG server...
[2026-03-25 00:02:28] [WPG] Added dummy vehicle: WPG2003 (SUV) @ $125.0
[2026-03-25 00:02:28] [WPG] Added dummy vehicle: WPG1001 (Sedan) @ $75.0
[2026-03-25 00:02:28] [WPG] Added dummy vehicle: WPG1002 (Sedan) @ $80.0
[2026-03-25 00:02:28] [WPG] Added dummy vehicle: WPG3001 (Truck) @ $140.0
[2026-03-25 00:02:28] [WPG] Added dummy vehicle: WPG2001 (SUV) @ $110.0
[2026-03-25 00:02:28] [WPG] Added dummy vehicle: WPG2002 (SUV) @ $115.0
[2026-03-25 00:02:28] [WPG] Added dummy vehicle: WPG2003 (SUV) @ $125.0
[2026-03-25 00:02:28] [WPG] Added dummy vehicle: WPG3001 (Truck) @ $140.0
[2026-03-25 00:02:28] [WPG] Added dummy vehicle: WPG3002 (Truck) @ $145.0
[2026-03-25 00:02:28] [WPG] Added dummy vehicle: WPG3002 (Truck) @ $145.0
[2026-03-25 00:02:28] [WPG] WPG initialized with 7 unique vehicles
[2026-03-25 00:02:28] [WPG] Dummy database initialization complete. Total vehicles: 7
[2026-03-25 00:02:28] [WPG] WPG initialized with 7 unique vehicles
[2026-03-25 00:02:28] [WPG] Dummy database initialization complete. Total vehicles: 7
[2026-03-25 00:02:28] [WPG] Server started. UDP Port: 5032
[2026-03-25 00:02:28] [WPG] Initializing dummy database for WPG server...
[2026-03-25 00:02:28] [WPG] Added dummy vehicle: WPG1001 (Sedan) @ $75.0
[2026-03-25 00:02:28] [WPG] Added dummy vehicle: WPG1002 (Sedan) @ $80.0
[2026-03-25 00:02:28] [WPG] Added dummy vehicle: WPG2001 (SUV) @ $110.0
[2026-03-25 00:02:28] [WPG] Added dummy vehicle: WPG2002 (SUV) @ $115.0
[2026-03-25 00:02:28] [WPG] Added dummy vehicle: WPG2003 (SUV) @ $125.0
[2026-03-25 00:02:28] [WPG] Server started. UDP Port: 5012
[2026-03-25 00:02:28] [WPG] Added dummy vehicle: WPG3001 (Truck) @ $140.0
[2026-03-25 00:02:28] [WPG] Added dummy vehicle: WPG3002 (Truck) @ $145.0
[2026-03-25 00:02:28] [WPG] WPG initialized with 7 unique vehicles
[2026-03-25 00:02:28] [WPG] Dummy database initialization complete. Total vehicles: 7
[2026-03-25 00:02:28] [WPG] Server started. UDP Port: 5022
[2026-03-25 00:02:28] [WPG] Server started. UDP Port: 5002
[2026-03-25 00:02:28] [WPG] Initializing dummy database for WPG server...
[2026-03-25 00:02:28] [WPG] Added dummy vehicle: WPG1001 (Sedan) @ $75.0
[2026-03-25 00:02:28] [WPG] Added dummy vehicle: WPG1002 (Sedan) @ $80.0
[2026-03-25 00:02:28] [WPG] Added dummy vehicle: WPG2001 (SUV) @ $110.0
[2026-03-25 00:02:28] [WPG] Added dummy vehicle: WPG2002 (SUV) @ $115.0
[2026-03-25 00:02:28] [WPG] Added dummy vehicle: WPG2003 (SUV) @ $125.0
[2026-03-25 00:02:28] [WPG] Added dummy vehicle: WPG3001 (Truck) @ $140.0
[2026-03-25 00:02:28] [WPG] Added dummy vehicle: WPG3002 (Truck) @ $145.0
[2026-03-25 00:02:28] [WPG] WPG initialized with 7 unique vehicles
[2026-03-25 00:02:28] [WPG] Dummy database initialization complete. Total vehicles: 7
[2026-03-25 00:02:28] [WPG] Server started. UDP Port: 5002
[2026-03-25 00:02:28] [WPG] Initializing dummy database for WPG server...
[2026-03-25 00:02:28] [WPG] Added dummy vehicle: WPG1001 (Sedan) @ $75.0
[2026-03-25 00:02:28] [WPG] Added dummy vehicle: WPG1002 (Sedan) @ $80.0
[2026-03-25 00:02:28] [WPG] Added dummy vehicle: WPG2001 (SUV) @ $110.0
[2026-03-25 00:02:28] [WPG] Added dummy vehicle: WPG2002 (SUV) @ $115.0
[2026-03-25 00:02:28] [WPG] Added dummy vehicle: WPG2003 (SUV) @ $125.0
[2026-03-25 00:02:28] [WPG] Added dummy vehicle: WPG3001 (Truck) @ $140.0
[2026-03-25 00:02:28] [WPG] Added dummy vehicle: WPG3002 (Truck) @ $145.0
[2026-03-25 00:02:28] [WPG] WPG initialized with 7 unique vehicles
[2026-03-25 00:02:28] [WPG] Dummy database initialization complete. Total vehicles: 7
[2026-03-25 00:02:28] [WPG] Server started. UDP Port: 5022
[2026-03-25 00:02:29] [WPG] Initializing dummy database for WPG server...
[2026-03-25 00:02:29] [WPG] Added dummy vehicle: WPG1001 (Sedan) @ $75.0
[2026-03-25 00:02:29] [WPG] Added dummy vehicle: WPG1002 (Sedan) @ $80.0
[2026-03-25 00:02:29] [WPG] Added dummy vehicle: WPG2001 (SUV) @ $110.0
[2026-03-25 00:02:29] [WPG] Added dummy vehicle: WPG2002 (SUV) @ $115.0
[2026-03-25 00:02:29] [WPG] Added dummy vehicle: WPG2003 (SUV) @ $125.0
[2026-03-25 00:02:29] [WPG] Added dummy vehicle: WPG3001 (Truck) @ $140.0
[2026-03-25 00:02:29] [WPG] Added dummy vehicle: WPG3002 (Truck) @ $145.0
[2026-03-25 00:02:29] [WPG] WPG initialized with 7 unique vehicles
[2026-03-25 00:02:29] [WPG] Dummy database initialization complete. Total vehicles: 7
[2026-03-25 00:02:29] [WPG] Server started. UDP Port: 5012
[2026-03-25 00:02:29] [WPG] Initializing dummy database for WPG server...
[2026-03-25 00:02:29] [WPG] Added dummy vehicle: WPG1001 (Sedan) @ $75.0
[2026-03-25 00:02:29] [WPG] Added dummy vehicle: WPG1002 (Sedan) @ $80.0
[2026-03-25 00:02:29] [WPG] Added dummy vehicle: WPG2001 (SUV) @ $110.0
[2026-03-25 00:02:29] [WPG] Added dummy vehicle: WPG2002 (SUV) @ $115.0
[2026-03-25 00:02:29] [WPG] Added dummy vehicle: WPG2003 (SUV) @ $125.0
[2026-03-25 00:02:29] [WPG] Added dummy vehicle: WPG3001 (Truck) @ $140.0
[2026-03-25 00:02:29] [WPG] Added dummy vehicle: WPG3002 (Truck) @ $145.0
[2026-03-25 00:02:29] [WPG] WPG initialized with 7 unique vehicles
[2026-03-25 00:02:29] [WPG] Dummy database initialization complete. Total vehicles: 7
[2026-03-25 00:02:29] [WPG] Server started. UDP Port: 5032
[2026-03-25 00:02:40] [WPG] Initializing dummy database for WPG server...
[2026-03-25 00:02:40] [WPG] Added dummy vehicle: WPG1001 (Sedan) @ $75.0
[2026-03-25 00:02:40] [WPG] Added dummy vehicle: WPG1002 (Sedan) @ $80.0
[2026-03-25 00:02:40] [WPG] Initializing dummy database for WPG server...
[2026-03-25 00:02:40] [WPG] Added dummy vehicle: WPG1001 (Sedan) @ $75.0
[2026-03-25 00:02:40] [WPG] Added dummy vehicle: WPG2001 (SUV) @ $110.0
[2026-03-25 00:02:40] [WPG] Added dummy vehicle: WPG1002 (Sedan) @ $80.0
[2026-03-25 00:02:40] [WPG] Added dummy vehicle: WPG2002 (SUV) @ $115.0
[2026-03-25 00:02:40] [WPG] Added dummy vehicle: WPG2001 (SUV) @ $110.0
[2026-03-25 00:02:40] [WPG] Added dummy vehicle: WPG2003 (SUV) @ $125.0
[2026-03-25 00:02:40] [WPG] Added dummy vehicle: WPG2002 (SUV) @ $115.0
[2026-03-25 00:02:40] [WPG] Added dummy vehicle: WPG3001 (Truck) @ $140.0
[2026-03-25 00:02:40] [WPG] Added dummy vehicle: WPG3002 (Truck) @ $145.0
[2026-03-25 00:02:40] [WPG] Added dummy vehicle: WPG2003 (SUV) @ $125.0
[2026-03-25 00:02:40] [WPG] Added dummy vehicle: WPG3001 (Truck) @ $140.0
[2026-03-25 00:02:40] [WPG] Initializing dummy database for WPG server...
[2026-03-25 00:02:40] [WPG] Added dummy vehicle: WPG3002 (Truck) @ $145.0
[2026-03-25 00:02:40] [WPG] WPG initialized with 7 unique vehicles
[2026-03-25 00:02:40] [WPG] Added dummy vehicle: WPG1001 (Sedan) @ $75.0
[2026-03-25 00:02:40] [WPG] Added dummy vehicle: WPG1002 (Sedan) @ $80.0
[2026-03-25 00:02:40] [WPG] Dummy database initialization complete. Total vehicles: 7
[2026-03-25 00:02:40] [WPG] WPG initialized with 7 unique vehicles
[2026-03-25 00:02:40] [WPG] Added dummy vehicle: WPG2001 (SUV) @ $110.0
[2026-03-25 00:02:40] [WPG] Dummy database initialization complete. Total vehicles: 7
[2026-03-25 00:02:40] [WPG] Added dummy vehicle: WPG2002 (SUV) @ $115.0
[2026-03-25 00:02:40] [WPG] Server started. UDP Port: 5022
[2026-03-25 00:02:40] [WPG] Server started. UDP Port: 5002
[2026-03-25 00:02:40] [WPG] Added dummy vehicle: WPG2003 (SUV) @ $125.0
[2026-03-25 00:02:40] [WPG] Added dummy vehicle: WPG3001 (Truck) @ $140.0
[2026-03-25 00:02:40] [WPG] Added dummy vehicle: WPG3002 (Truck) @ $145.0
[2026-03-25 00:02:40] [WPG] WPG initialized with 7 unique vehicles
[2026-03-25 00:02:40] [WPG] Initializing dummy database for WPG server...
[2026-03-25 00:02:40] [WPG] Dummy database initialization complete. Total vehicles: 7
[2026-03-25 00:02:40] [WPG] Added dummy vehicle: WPG1001 (Sedan) @ $75.0
[2026-03-25 00:02:40] [WPG] Added dummy vehicle: WPG1002 (Sedan) @ $80.0
[2026-03-25 00:02:40] [WPG] Added dummy vehicle: WPG2001 (SUV) @ $110.0
[2026-03-25 00:02:40] [WPG] Added dummy vehicle: WPG2002 (SUV) @ $115.0
[2026-03-25 00:02:40] [WPG] Added dummy vehicle: WPG2003 (SUV) @ $125.0
[2026-03-25 00:02:40] [WPG] Added dummy vehicle: WPG3001 (Truck) @ $140.0
[2026-03-25 00:02:40] [WPG] Added dummy vehicle: WPG3002 (Truck) @ $145.0
[2026-03-25 00:02:40] [WPG] WPG initialized with 7 unique vehicles
[2026-03-25 00:02:40] [WPG] Server started. UDP Port: 5012
[2026-03-25 00:02:40] [WPG] Dummy database initialization complete. Total vehicles: 7
[2026-03-25 00:02:40] [WPG] Server started. UDP Port: 5032
[2026-03-25 00:02:41] [WPG] Initializing dummy database for WPG server...
[2026-03-25 00:02:41] [WPG] Added dummy vehicle: WPG1001 (Sedan) @ $75.0
[2026-03-25 00:02:41] [WPG] Added dummy vehicle: WPG1002 (Sedan) @ $80.0
[2026-03-25 00:02:41] [WPG] Added dummy vehicle: WPG2001 (SUV) @ $110.0
[2026-03-25 00:02:41] [WPG] Added dummy vehicle: WPG2002 (SUV) @ $115.0
[2026-03-25 00:02:41] [WPG] Added dummy vehicle: WPG2003 (SUV) @ $125.0
[2026-03-25 00:02:41] [WPG] Added dummy vehicle: WPG3001 (Truck) @ $140.0
[2026-03-25 00:02:41] [WPG] Added dummy vehicle: WPG3002 (Truck) @ $145.0
[2026-03-25 00:02:41] [WPG] Initializing dummy database for WPG server...
[2026-03-25 00:02:41] [WPG] WPG initialized with 7 unique vehicles
[2026-03-25 00:02:41] [WPG] Added dummy vehicle: WPG1001 (Sedan) @ $75.0
[2026-03-25 00:02:41] [WPG] Dummy database initialization complete. Total vehicles: 7
[2026-03-25 00:02:41] [WPG] Added dummy vehicle: WPG1002 (Sedan) @ $80.0
[2026-03-25 00:02:41] [WPG] Server started. UDP Port: 5022
[2026-03-25 00:02:41] [WPG] Added dummy vehicle: WPG2001 (SUV) @ $110.0
[2026-03-25 00:02:41] [WPG] Added dummy vehicle: WPG2002 (SUV) @ $115.0
[2026-03-25 00:02:41] [WPG] Added dummy vehicle: WPG2003 (SUV) @ $125.0
[2026-03-25 00:02:41] [WPG] Added dummy vehicle: WPG3001 (Truck) @ $140.0
[2026-03-25 00:02:41] [WPG] Added dummy vehicle: WPG3002 (Truck) @ $145.0
[2026-03-25 00:02:41] [WPG] WPG initialized with 7 unique vehicles
[2026-03-25 00:02:41] [WPG] Dummy database initialization complete. Total vehicles: 7
[2026-03-25 00:02:41] [WPG] Server started. UDP Port: 5012
[2026-03-25 00:02:41] [WPG] Initializing dummy database for WPG server...
[2026-03-25 00:02:41] [WPG] Added dummy vehicle: WPG1001 (Sedan) @ $75.0
[2026-03-25 00:02:41] [WPG] Added dummy vehicle: WPG1002 (Sedan) @ $80.0
[2026-03-25 00:02:41] [WPG] Added dummy vehicle: WPG2001 (SUV) @ $110.0
[2026-03-25 00:02:41] [WPG] Initializing dummy database for WPG server...
[2026-03-25 00:02:41] [WPG] Added dummy vehicle: WPG2002 (SUV) @ $115.0
[2026-03-25 00:02:41] [WPG] Added dummy vehicle: WPG1001 (Sedan) @ $75.0
[2026-03-25 00:02:41] [WPG] Added dummy vehicle: WPG2003 (SUV) @ $125.0
[2026-03-25 00:02:41] [WPG] Added dummy vehicle: WPG1002 (Sedan) @ $80.0
[2026-03-25 00:02:41] [WPG] Added dummy vehicle: WPG2001 (SUV) @ $110.0
[2026-03-25 00:02:41] [WPG] Added dummy vehicle: WPG3001 (Truck) @ $140.0
[2026-03-25 00:02:41] [WPG] Added dummy vehicle: WPG2002 (SUV) @ $115.0
[2026-03-25 00:02:41] [WPG] Added dummy vehicle: WPG3002 (Truck) @ $145.0
[2026-03-25 00:02:41] [WPG] Added dummy vehicle: WPG2003 (SUV) @ $125.0
[2026-03-25 00:02:41] [WPG] WPG initialized with 7 unique vehicles
[2026-03-25 00:02:41] [WPG] Added dummy vehicle: WPG3001 (Truck) @ $140.0
[2026-03-25 00:02:41] [WPG] Dummy database initialization complete. Total vehicles: 7
[2026-03-25 00:02:41] [WPG] Added dummy vehicle: WPG3002 (Truck) @ $145.0
[2026-03-25 00:02:41] [WPG] WPG initialized with 7 unique vehicles
[2026-03-25 00:02:41] [WPG] Dummy database initialization complete. Total vehicles: 7
[2026-03-25 00:02:41] [WPG] Server started. UDP Port: 5032
[2026-03-25 00:02:41] [WPG] Server started. UDP Port: 5002
